Log file open, 11/10/16 20:26:40
LogInit:Display: Running engine for game: StarHavenMobile
LogPlatformFile: Not using cached read wrapper
LogInit:Display: RandInit(-1684923644) SRandInit(-1684923642).
LogTaskGraph: Started task graph with 4 named threads and 7 total threads with 1 sets of task threads.
LogStats: Stats thread started at 0.074419
LogInit: Version: 4.12.5-3039270+++UE4+Release-4.12
LogInit: API Version: 2992821
LogInit: Net Version: 3039270
LogDevObjectVersion: Number of dev versions registered: 13
LogDevObjectVersion:   Dev-Blueprints (B0D832E4-1F89-4F0D-ACCF-7EB736FD4AA2): 3
LogDevObjectVersion:   Dev-Build (E1C64328-A22C-4D53-A36C-8E866417BD8C): 0
LogDevObjectVersion:   Dev-Core (375EC13C-06E4-48FB-B500-84F0262A717E): 1
LogDevObjectVersion:   Dev-Editor (E4B068ED-F494-42E9-A231-DA0B2E46BB41): 2
LogDevObjectVersion:   Dev-Framework (CFFC743F-43B0-4480-9391-14DF171D2073): 6
LogDevObjectVersion:   Dev-Mobile (B02B49B5-BB20-44E9-A304-32B752E40360): 0
LogDevObjectVersion:   Dev-Networking (A4E4105C-59A1-49B5-A7C5-40C4547EDFEE): 0
LogDevObjectVersion:   Dev-Online (39C831C9-5AE6-47DC-9A44-9C173E1C8E7C): 0
LogDevObjectVersion:   Dev-Physics (78F01B33-EBEA-4F98-B9B4-84EACCB95AA2): 0
LogDevObjectVersion:   Dev-Platform (6631380F-2D4D-43E0-8009-CF276956A95A): 0
LogDevObjectVersion:   Dev-Rendering (12F88B9F-8875-4AFC-A67C-D90C383ABD29): 2
LogDevObjectVersion:   Dev-Sequencer (7B5AE74C-D270-4C10-A958-57980B212A5A): 0
LogDevObjectVersion:   Dev-VR (D7296918-1DD6-4BDD-9DE2-64A83CC13884): 0
LogInit: Compiled (64-bit): Jul  6 2016 09:09:46
LogInit: Compiled with Visual C++: 19.00.23026.00
LogInit: Build Configuration: Development
LogInit: Branch Name: ++UE4+Release-4.12
LogInit: Command line: 
LogInit: Base directory: C:/UE4/4.12/Engine/Binaries/Win64/
LogInit: Installed Engine Build: 1
LogInit: Using libcurl 7.41.0
LogInit:  - built for x86_64-pc-win32
LogInit:  - supports SSL with WinSSL
LogInit:  - other features:
LogInit:      CURL_VERSION_SSL
LogInit:      CURL_VERSION_IPV6
LogInit:      CURL_VERSION_ASYNCHDNS
LogInit:      CURL_VERSION_LARGEFILE
LogInit:      CURL_VERSION_IDN
LogInit:  CurlRequestOptions (configurable via config and command line):
LogInit:  - bVerifyPeer = true  - Libcurl will verify peer certificate
LogInit:  - bUseHttpProxy = false  - Libcurl will NOT use HTTP proxy
LogInit:  - bDontReuseConnections = false  - Libcurl will reuse connections
LogInit:  - CertBundlePath = nullptr  - Libcurl will use whatever was configured at build time.
LogInit: Presizing for max 8388607 objects, including 0 objects not considered by GC, pre-allocating 0 bytes for permanent pool.
LogInit: Object subsystem initialized
[2016.11.11-04.26.41:013][  0]LogInit: Selected Device Profile: [Windows]
[2016.11.11-04.26.41:013][  0]LogInit: Applying CVar settings loaded from the selected device profile: [Windows]
[2016.11.11-04.26.41:019][  0]LogInit: Computer: AI241LAB0201PIN
[2016.11.11-04.26.41:019][  0]LogInit: User: student
[2016.11.11-04.26.41:019][  0]LogInit: CPU Page size=65536, Cores=4
[2016.11.11-04.26.41:019][  0]LogInit: High frequency timer resolution =3.604638 MHz
[2016.11.11-04.26.41:019][  0]LogMemory: Memory total: Physical=15.9GB (16GB approx)
[2016.11.11-04.26.41:019][  0]LogMemory: Platform Memory Stats for Windows
[2016.11.11-04.26.41:019][  0]LogMemory: Process Physical Memory: 192.14 MB used, 192.14 MB peak
[2016.11.11-04.26.41:019][  0]LogMemory: Process Virtual Memory: 197.58 MB used, 197.58 MB peak
[2016.11.11-04.26.41:019][  0]LogMemory: Physical Memory: 9261.09 MB used, 16307.85 MB total
[2016.11.11-04.26.41:019][  0]LogMemory: Virtual Memory: 524.86 MB used, 8388608.00 MB total
[2016.11.11-04.26.41:055][  0]LogTextLocalizationManager: No specific translations for ('en-US') exist, so ('en') translations will be used.
[2016.11.11-04.26.41:491][  0]LogD3D11RHI: D3D11 adapters:
[2016.11.11-04.26.41:517][  0]LogD3D11RHI:    0. 'NVIDIA GeForce GTX 1080' (Feature Level 11_0)
[2016.11.11-04.26.41:517][  0]LogD3D11RHI:       8084/0/7897 MB DedicatedVideo/DedicatedSystem/SharedSystem, Outputs:3, VendorId:0x10de
[2016.11.11-04.26.41:517][  0]LogD3D11RHI: Chosen D3D11 Adapter: 0
[2016.11.11-04.26.41:529][  0]LogD3D11RHI: Creating new Direct3DDevice
[2016.11.11-04.26.41:530][  0]LogD3D11RHI:     GPU DeviceId: 0x1b80 (for the marketing name, search the web for "GPU Device Id")
[2016.11.11-04.26.41:530][  0]LogWindows: EnumDisplayDevices:
[2016.11.11-04.26.41:531][  0]LogWindows:    0. 'NVIDIA GeForce GTX 1080' (P:0 D:1)
[2016.11.11-04.26.41:531][  0]LogWindows:    1. 'NVIDIA GeForce GTX 1080' (P:0 D:1)
[2016.11.11-04.26.41:532][  0]LogWindows:    2. 'NVIDIA GeForce GTX 1080' (P:1 D:1)
[2016.11.11-04.26.41:534][  0]LogWindows:    3. 'NVIDIA GeForce GTX 1080' (P:0 D:0)
[2016.11.11-04.26.41:535][  0]LogWindows:    4. 'RDPDD Chained DD' (P:0 D:0)
[2016.11.11-04.26.41:535][  0]LogWindows:    5. 'RDP Encoder Mirror Driver' (P:0 D:0)
[2016.11.11-04.26.41:536][  0]LogWindows:    6. 'RDP Reflector Display Driver' (P:0 D:0)
[2016.11.11-04.26.41:536][  0]LogWindows: DebugString: GetVideoDriverDetailsInvalid PrimaryIsNotTheChoosenAdapter GetVideoDriverDetailsInvalid PrimaryIsNotTheChoosenAdapter GetVideoDriverDetailsInvalid PrimaryIsNotTheChoosenAdapter FoundDriverCount:4 
[2016.11.11-04.26.41:536][  0]LogD3D11RHI:     Adapter Name: NVIDIA GeForce GTX 1080
[2016.11.11-04.26.41:536][  0]LogD3D11RHI:   Driver Version: 372.54 (internal:21.21.13.7254, unified:372.54)
[2016.11.11-04.26.41:536][  0]LogD3D11RHI:      Driver Date: 8-11-2016
[2016.11.11-04.26.41:536][  0]LogRHI: Texture pool is 1361 MB (70% of 1945 MB)
[2016.11.11-04.26.41:548][  0]LogD3D11RHI: Async texture creation enabled
[2016.11.11-04.26.41:563][  0]LogD3D11RHI: GPU Timing Frequency: 1000.000000 (Debug: 2 2)
[2016.11.11-04.26.41:563][  0]LogShaderCompilers: Guid format shader working directory is 30 characters bigger than the processId version (G:/StarHavenMobile/Intermediate/Shaders/WorkingDirectory/6076/).
[2016.11.11-04.26.41:563][  0]LogShaderCompilers: Cleaned the shader compiler working directory 'C:/Users/student/AppData/Local/Temp/UnrealShaderWorkingDir/FD980D0040F27F5CA9A7F5B0EBB1FEC5/'.
[2016.11.11-04.26.41:563][  0]LogShaderCompilers:Display: Using Local Shader Compiler.
[2016.11.11-04.26.42:451][  0]LogTemp:Display: Loaded TP AllDesktopTargetPlatform
[2016.11.11-04.26.42:461][  0]LogTemp:Display: Loaded TP WindowsClientTargetPlatform
[2016.11.11-04.26.42:470][  0]LogTemp:Display: Loaded TP WindowsNoEditorTargetPlatform
[2016.11.11-04.26.42:479][  0]LogTemp:Display: Loaded TP WindowsServerTargetPlatform
[2016.11.11-04.26.42:488][  0]LogTemp:Display: Loaded TP WindowsTargetPlatform
[2016.11.11-04.26.42:496][  0]LogTemp:Display: Loaded TP AndroidTargetPlatform
[2016.11.11-04.26.42:504][  0]LogTemp:Display: Loaded TP Android_ASTCTargetPlatform
[2016.11.11-04.26.42:512][  0]LogTemp:Display: Loaded TP Android_ATCTargetPlatform
[2016.11.11-04.26.42:520][  0]LogTemp:Display: Loaded TP Android_DXTTargetPlatform
[2016.11.11-04.26.42:527][  0]LogTemp:Display: Loaded TP Android_ETC1TargetPlatform
[2016.11.11-04.26.42:535][  0]LogTemp:Display: Loaded TP Android_ETC2TargetPlatform
[2016.11.11-04.26.42:551][  0]LogTemp:Display: Loaded TP Android_MultiTargetPlatform
[2016.11.11-04.26.42:551][  0]LogTemp:Display: Loaded TP Android_PVRTCTargetPlatform
[2016.11.11-04.26.42:552][  0]LogTemp:Display: Loaded TP HTML5TargetPlatform
[2016.11.11-04.26.42:572][  0]LogTemp:Display: Loaded TP IOSTargetPlatform
[2016.11.11-04.26.42:579][  0]LogTemp:Display: Loaded TP TVOSTargetPlatform
[2016.11.11-04.26.42:586][  0]LogTemp:Display: Loaded TP LinuxNoEditorTargetPlatform
[2016.11.11-04.26.42:593][  0]LogTemp:Display: Loaded TP LinuxServerTargetPlatform
[2016.11.11-04.26.42:601][  0]LogTemp:Display: Loaded TP LinuxTargetPlatform
[2016.11.11-04.26.42:601][  0]LogTargetPlatformManager:Display: Building Assets For Windows
[2016.11.11-04.26.42:677][  0]LogDerivedDataCache:Display: Max Cache Size: 512 MB
[2016.11.11-04.26.42:741][  0]LogDerivedDataCache: Loaded boot cache 0.06s 62MB C:/Users/student/AppData/Local/UnrealEngine/4.12/DerivedDataCache/Boot.ddc.
[2016.11.11-04.26.42:741][  0]LogDerivedDataCache:Display: Loaded Boot cache: C:/Users/student/AppData/Local/UnrealEngine/4.12/DerivedDataCache/Boot.ddc
[2016.11.11-04.26.42:741][  0]LogDerivedDataCache: FDerivedDataBackendGraph:  Pak pak cache file G:/StarHavenMobile/DerivedDataCache/DDC.ddp not found, will not use a pak cache.
[2016.11.11-04.26.42:741][  0]LogDerivedDataCache: Unable to find inner node Pak for hierarchical cache Hierarchy.
[2016.11.11-04.26.42:741][  0]LogDerivedDataCache: FDerivedDataBackendGraph:  CompressedPak pak cache file G:/StarHavenMobile/DerivedDataCache/Compressed.ddp not found, will not use a pak cache.
[2016.11.11-04.26.42:741][  0]LogDerivedDataCache: Unable to find inner node CompressedPak for hierarchical cache Hierarchy.
[2016.11.11-04.26.42:757][  0]LogDerivedDataCache:Display: Pak cache opened for reading ../../../Engine/DerivedDataCache/Compressed.ddp.
[2016.11.11-04.26.42:768][  0]LogDerivedDataCache: Using Local data cache path C:/Users/student/AppData/Local/UnrealEngine/Common/DerivedDataCache: Writable
[2016.11.11-04.26.42:965][  0]LogInit: Selected Device Profile: [Windows]
[2016.11.11-04.26.42:965][  0]LogContentStreaming: Texture pool size is 0.00 MB
[2016.11.11-04.26.43:117][  0]LogMeshUtilities: No automatic mesh reduction module available
[2016.11.11-04.26.43:117][  0]LogMeshUtilities: No automatic mesh merging module available
[2016.11.11-04.26.43:117][  0]LogMeshUtilities: No distributed automatic mesh merging module available
[2016.11.11-04.26.43:378][  0]LogAssetRegistry: FAssetRegistry took 0.0197 seconds to start up
[2016.11.11-04.26.43:398][  0]LogPackageLocalizationCache: Processed 3 localized package path(s) for 2 prioritized culture(s) in 0.016996 seconds
[2016.11.11-04.26.43:403][  0]LogUObjectArray: 28739 objects as part of root set at end of initial load.
[2016.11.11-04.26.43:403][  0]LogUObjectAllocator: 5855632 out of 0 bytes used by permanent object pool.
[2016.11.11-04.26.43:403][  0]LogUObjectArray: CloseDisregardForGC: 0/0 objects in disregard for GC pool
[2016.11.11-04.26.43:410][  0]LogInit: WinSock: version 1.1 (2.2), MaxSocks=32767, MaxUdp=65467
[2016.11.11-04.26.43:602][  0]LogSlate: SlateFontCache - WITH_FREETYPE: 1, WITH_HARFBUZZ: 1
[2016.11.11-04.26.43:602][  0]LogSlate: SlateFontCache - WITH_FREETYPE: 1, WITH_HARFBUZZ: 1
[2016.11.11-04.26.44:255][  0]LogUdpMessaging: Initializing bridge on interface 0.0.0.0:0 to multicast group 230.0.0.1:6666.
[2016.11.11-04.26.44:461][  0]SourceControl: Info Source control is disabled
[2016.11.11-04.26.44:461][  0]SourceControl: Info Source control is disabled
[2016.11.11-04.26.44:470][  0]SourceControl: Info Source control is disabled
[2016.11.11-04.26.44:478][  0]SourceControl: Info Source control is disabled
[2016.11.11-04.26.44:682][  0]LogEngine: Initializing Engine...
[2016.11.11-04.26.44:683][  0]LogHMD: SteamVR failed to initialize.  Err: 110
[2016.11.11-04.26.44:683][  0]LogHMD: SteamVR failed to initialize.  Err: 110
[2016.11.11-04.26.44:816][  0]LogAIModule: Creating AISystem for world NewWorld
[2016.11.11-04.26.44:822][  0]LogInit: XAudio2 using 'Optoma 1080P-C (NVIDIA High Definition Audio)' : 2 channels at 48 kHz using 16 bits per sample (channel mask 0x3)
[2016.11.11-04.26.44:838][  0]LogInit: FAudioDevice initialized.
[2016.11.11-04.26.44:867][  0]LogDerivedDataCache: Saved boot cache 0.03s 62MB C:/Users/student/AppData/Local/UnrealEngine/4.12/DerivedDataCache/Boot.ddc.
[2016.11.11-04.26.44:872][  0]LogInit: Texture streaming: Enabled
[2016.11.11-04.26.44:897][  0]LogInit: Transaction tracking system initialized
[2016.11.11-04.26.44:920][  0]BlueprintLog: New page: Editor Load
[2016.11.11-04.26.45:464][  0]LocalizationService: Info Localization service is disabled
[2016.11.11-04.26.45:548][  0]LogConsoleResponse:Display: 
[2016.11.11-04.26.45:672][  0]LogFileCache: Scanning file cache for directory 'G:/StarHavenMobile/Content/' took 0.01s
[2016.11.11-04.26.45:672][  0]LogCook:Display: Max memory allowance for cook 8192mb
[2016.11.11-04.26.45:672][  0]LogCook:Display: Mobile HDR setting 1
[2016.11.11-04.26.45:777][  0]SourceControl: Info Source control is disabled
[2016.11.11-04.26.45:777][  0]Cmd: MAP LOAD FILE="../../../Engine/Content/Maps/Templates/Template_Default.umap" TEMPLATE=1 SHOWPROGRESS=1 FEATURELEVEL=3
[2016.11.11-04.26.45:777][  0]LightingResults: New page: Lighting Build
[2016.11.11-04.26.45:780][  0]MapCheck: New page: Map Check
[2016.11.11-04.26.45:780][  0]LightingResults: New page: Lighting Build
[2016.11.11-04.26.46:039][  0]LogAIModule: Creating AISystem for world Untitled_1
[2016.11.11-04.26.46:046][  0]LogEditorServer: Finished looking for orphan Actors (0.000 secs)
[2016.11.11-04.26.46:051][  0]Cmd: MAP CHECKDEP NOCLEARLOG
[2016.11.11-04.26.46:093][  0]MapCheck: Info Map check complete: 0 Error(s), 0 Warning(s), took 42.064ms to complete.
[2016.11.11-04.26.46:093][  0]LogFileHelpers: Loading map 'Template_Default' took 0.316
[2016.11.11-04.26.46:344][  0]LogCollectionManager: Loaded 0 collections in 0.001527 seconds
[2016.11.11-04.26.46:421][  0]LogFileCache: Scanning file cache for directory 'G:/StarHavenMobile/Saved/Collections/' took 0.01s
[2016.11.11-04.26.46:421][  0]LogFileCache: Scanning file cache for directory 'G:/StarHavenMobile/Content/Developers/student/Collections/' took 0.01s
[2016.11.11-04.26.46:421][  0]LogFileCache: Scanning file cache for directory 'G:/StarHavenMobile/Content/Collections/' took 0.01s
[2016.11.11-04.26.46:421][  0]LogCollectionManager: Rebuilt the GUID cache for 0 collections in 0.000002 seconds
[2016.11.11-04.26.46:431][  0]LogContentBrowser: Native class hierarchy populated in 0.0079 seconds. Added 2047 classes and 369 folders.
[2016.11.11-04.26.46:437][  0]LogStats: UGameplayTagsManager::ConstructGameplayTagTree: Construct from data asset -  0.000 s
[2016.11.11-04.26.46:437][  0]LogStats: UGameplayTagsManager::ConstructGameplayTagTree: GameplayTagTreeChangedEvent.Broadcast -  0.000 s
[2016.11.11-04.26.46:437][  0]LogContentBrowser: Native class hierarchy updated for 'GameplayTags' in 0.0004 seconds. Added 12 classes and 0 folders.
[2016.11.11-04.26.46:443][  0]LogContentBrowser: Native class hierarchy updated for 'WidgetCarousel' in 0.0004 seconds. Added 0 classes and 0 folders.
[2016.11.11-04.26.46:674][  0]LogContentBrowser: Native class hierarchy updated for 'AddContentDialog' in 0.0004 seconds. Added 0 classes and 0 folders.
[2016.11.11-04.26.46:682][  0]LogContentBrowser: Native class hierarchy updated for 'SceneOutliner' in 0.0004 seconds. Added 1 classes and 2 folders.
[2016.11.11-04.26.46:728][  0]LogCrashTracker: Crashtracker disabled due to settings.
[2016.11.11-04.26.46:816][  0]LogTexture:Display: Building textures: Blueprint_64x (BGRA8)
[2016.11.11-04.26.46:817][  0]LogTexture:Display: Building textures: icon_Editor_Preferences_General_40x (BGRA8)
[2016.11.11-04.26.46:819][  0]LogTexture:Display: Building textures: Paper2DSprite_TutorialIcon (BGRA8)
[2016.11.11-04.26.46:820][  0]LogTexture:Display: Building textures: icon_ShowSkeletalMeshes_40x (BGRA8)
[2016.11.11-04.26.46:821][  0]LogTexture:Display: Building textures: Landscape (BGRA8)
[2016.11.11-04.26.46:822][  0]LogTexture:Display: Building textures: Foliage (BGRA8)
[2016.11.11-04.26.46:851][  0]LogContentBrowser: Native class hierarchy updated for 'HierarchicalLODOutliner' in 0.0004 seconds. Added 1 classes and 2 folders.
[2016.11.11-04.26.46:851][  0]LogLoad: Full Startup: 6.50 seconds (BP compile: 0.03 seconds)
[2016.11.11-04.26.46:851][  0]LogExternalProfiler: Found external profiler: VSPerf
[2016.11.11-04.26.46:851][  0]LogExternalProfiler: Using external profiler: VSPerf
[2016.11.11-04.26.46:860][  0]LogOcInput: OculusInput pre-init called
[2016.11.11-04.26.46:881][  0]LogContentStreaming: Texture pool size now 1000 MB
[2016.11.11-04.26.46:899][  0]LogTexture:Display: Building textures: icon_tab_Levels_40x (BGRA8)
[2016.11.11-04.26.46:983][  0]LogTexture:Display: Building textures: LevelGrid1DStripes (BGRA8)
[2016.11.11-04.26.47:055][  0]LogRenderer: Reallocating scene render targets to support 1208x576 (Frame:2).
[2016.11.11-04.26.47:135][  1]LogAssetRegistry: Asset discovery search completed in 3.7764 seconds
[2016.11.11-04.26.47:135][  1]LogCollectionManager: Rebuilt the object cache for 0 collections in 0.000001 seconds (found 0 objects)
[2016.11.11-04.26.47:135][  1]LogCollectionManager: Fixed up redirectors for 0 collections in 0.000021 seconds (updated 0 objects)
[2016.11.11-04.26.51:351][470]LogTexture:Display: Building textures: CameraActor_64x (BGRA8)
[2016.11.11-04.26.51:357][470]LogTexture:Display: Building textures: BlueprintInterface_64x (BGRA8)
[2016.11.11-04.26.51:360][470]LogTexture:Display: Building textures: BlueprintMacroLibrary_64x (BGRA8)
[2016.11.11-04.26.51:473][470]LogTexture:Display: Building textures: IOS (BGRA8)
[2016.11.11-04.26.51:483][470]LogTexture:Display: Building textures: android_Icon (BGRA8)
[2016.11.11-04.26.51:486][470]LogTexture:Display: Building textures: Paper2DFlipbook_TutorialIcon (BGRA8)
[2016.11.11-04.27.10:828][592]LightingResults: New page: Lighting Build
[2016.11.11-04.27.10:829][592]MapCheck: New page: Map Check
[2016.11.11-04.27.10:829][592]LightingResults: New page: Lighting Build
[2016.11.11-04.27.10:846][592]LogAIModule: Creating AISystem for world NewWorld
[2016.11.11-04.27.10:848][592]LoadErrors: New page: New Map
[2016.11.11-04.27.17:048][328]LogPlayLevel: PlayLevel: No blueprints needed recompiling
[2016.11.11-04.27.17:054][328]PIE: New page: PIE session: Untitled_2 (Nov 10, 2016, 12:27:17 PM)
[2016.11.11-04.27.17:054][328]LogPlayLevel: Creating play world package: /Temp/UEDPIE_0_Untitled_2
[2016.11.11-04.27.17:054][328]LogPlayLevel: PIE: StaticDuplicateObject took: (0.000590s)
[2016.11.11-04.27.17:055][328]LogAIModule: Creating AISystem for world NewWorld
[2016.11.11-04.27.17:055][328]LogPlayLevel: PIE: World Init took: (0.000585s)
[2016.11.11-04.27.17:055][328]LogPlayLevel: PIE: Created PIE world by copying editor world from /Temp/Untitled_2.NewWorld to /Temp/UEDPIE_0_Untitled_2.NewWorld (0.001685s)
[2016.11.11-04.27.17:066][328]LogInit: XAudio2 using 'Optoma 1080P-C (NVIDIA High Definition Audio)' : 2 channels at 48 kHz using 16 bits per sample (channel mask 0x3)
[2016.11.11-04.27.17:071][328]LogInit: FAudioDevice initialized.
[2016.11.11-04.27.17:136][328]LogWorld: Game class is 'GameMode'
[2016.11.11-04.27.17:139][328]LogWorld: Bringing World /Temp/UEDPIE_0_Untitled_2.NewWorld up for play (max tick rate 0) at 2016.11.10-20.27.17
[2016.11.11-04.27.17:139][328]LogWorld: Bringing up level for play took: 0.000805
[2016.11.11-04.27.17:143][328]LogTexture:Display: Building textures: VirtualJoystick_Background (BGRA8)
[2016.11.11-04.27.17:146][328]LogTexture:Display: Building textures: VirtualJoystick_Thumb (BGRA8)
[2016.11.11-04.27.17:152][328]LogContentBrowser: Native class hierarchy updated for 'MovieSceneCapture' in 0.0004 seconds. Added 11 classes and 0 folders.
[2016.11.11-04.27.17:154][328]PIE: Info Play in editor start time for /Temp/UEDPIE_0_Untitled_2 0.322
[2016.11.11-04.28.13:227][188]Cmd: OBJ SAVEPACKAGE PACKAGE="/Game/LEVELS/GameScreen" FILE="G:/StarHavenMobile/Content/LEVELS/GameScreen.umap" SILENT=true AUTOSAVING=false KEEPDIRTY=false
[2016.11.11-04.28.13:244][188]LogSavePackage: Save=8.12ms
[2016.11.11-04.28.13:244][188]LogSavePackage: Moving 'G:/StarHavenMobile/Saved/GameScreen45AA758F41ECDA202EA31F9A496BD8A9.tmp' to 'G:/StarHavenMobile/Content/LEVELS/GameScreen.umap'
[2016.11.11-04.28.13:245][188]LogSavePackage:Display: Finished SavePackage G:/StarHavenMobile/Content/LEVELS/GameScreen.umap
[2016.11.11-04.28.13:262][188]LogFileHelpers: Saving map 'GameScreen' took 0.245
[2016.11.11-04.28.35:783][723]Cmd: UpdateLandscapeSetup
[2016.11.11-04.28.41:255][361]LogUObjectGlobals:Warning: Failed to find object 'Class None.None'
[2016.11.11-04.28.41:266][362]Cmd: UpdateLandscapeSetup
[2016.11.11-04.29.27:108][189]LogPlayLevel: PlayLevel: No blueprints needed recompiling
[2016.11.11-04.29.27:108][189]PIE: New page: PIE session: GameScreen (Nov 10, 2016, 12:29:27 PM)
[2016.11.11-04.29.27:108][189]LogPlayLevel: Creating play world package: /Game/LEVELS/UEDPIE_0_GameScreen
[2016.11.11-04.29.27:109][189]LogPlayLevel: PIE: StaticDuplicateObject took: (0.000674s)
[2016.11.11-04.29.27:110][189]LogAIModule: Creating AISystem for world GameScreen
[2016.11.11-04.29.27:110][189]LogPlayLevel: PIE: World Init took: (0.000645s)
[2016.11.11-04.29.27:110][189]LogPlayLevel: PIE: Created PIE world by copying editor world from /Game/LEVELS/GameScreen.GameScreen to /Game/LEVELS/UEDPIE_0_GameScreen.GameScreen (0.001505s)
[2016.11.11-04.29.27:121][189]LogInit: XAudio2 using 'Optoma 1080P-C (NVIDIA High Definition Audio)' : 2 channels at 48 kHz using 16 bits per sample (channel mask 0x3)
[2016.11.11-04.29.27:126][189]LogInit: FAudioDevice initialized.
[2016.11.11-04.29.27:157][189]LogWorld: Game class is 'GameMode'
[2016.11.11-04.29.27:158][189]LogWorld: Bringing World /Game/LEVELS/UEDPIE_0_GameScreen.GameScreen up for play (max tick rate 0) at 2016.11.10-20.29.27
[2016.11.11-04.29.27:159][189]LogWorld: Bringing up level for play took: 0.000945
[2016.11.11-04.29.27:160][189]PIE: Info Play in editor start time for /Game/LEVELS/UEDPIE_0_GameScreen 0.321
[2016.11.11-04.29.35:283][ 73]Cmd: BRUSH ADD SELECTNEWBRUSH
[2016.11.11-04.29.48:373][621]LogPlayLevel: PlayLevel: No blueprints needed recompiling
[2016.11.11-04.29.48:373][621]PIE: New page: PIE session: GameScreen (Nov 10, 2016, 12:29:48 PM)
[2016.11.11-04.29.48:373][621]LogPlayLevel: Creating play world package: /Game/LEVELS/UEDPIE_0_GameScreen
[2016.11.11-04.29.48:379][621]LogPlayLevel: PIE: StaticDuplicateObject took: (0.006214s)
[2016.11.11-04.29.48:380][621]LogAIModule: Creating AISystem for world GameScreen
[2016.11.11-04.29.48:380][621]LogPlayLevel: PIE: World Init took: (0.000915s)
[2016.11.11-04.29.48:380][621]LogPlayLevel: PIE: Created PIE world by copying editor world from /Game/LEVELS/GameScreen.GameScreen to /Game/LEVELS/UEDPIE_0_GameScreen.GameScreen (0.007409s)
[2016.11.11-04.29.48:391][621]LogInit: XAudio2 using 'Optoma 1080P-C (NVIDIA High Definition Audio)' : 2 channels at 48 kHz using 16 bits per sample (channel mask 0x3)
[2016.11.11-04.29.48:396][621]LogInit: FAudioDevice initialized.
[2016.11.11-04.29.48:422][621]LogWorld: Game class is 'GameMode'
[2016.11.11-04.29.48:423][621]LogWorld: Bringing World /Game/LEVELS/UEDPIE_0_GameScreen.GameScreen up for play (max tick rate 0) at 2016.11.10-20.29.48
[2016.11.11-04.29.48:423][621]LogWorld: Bringing up level for play took: 0.000772
[2016.11.11-04.29.48:425][621]PIE: Info Play in editor start time for /Game/LEVELS/UEDPIE_0_GameScreen -0.415
[2016.11.11-04.30.20:123][220]LogContentBrowser: Native class hierarchy updated for 'BlueprintGraph' in 0.0008 seconds. Added 111 classes and 0 folders.
[2016.11.11-04.30.20:756][220]LogTexture:Display: Building textures: TilePatine_N (BC5)
[2016.11.11-04.30.20:787][220]LogTexture:Display: Building textures: TilePatine_D (AutoDXT)
[2016.11.11-04.30.36:763][370]BlueprintLog: New page: Compile SKY
[2016.11.11-04.30.36:860][370]BlueprintEditorCompileResults: Info [0236.49] Compile of SKY successful! [in 96 ms] (/Game/SKY.SKY)
[2016.11.11-04.30.37:710][428]Cmd: OBJ SAVEPACKAGE PACKAGE="/Game/SKY" FILE="G:/StarHavenMobile/Content/SKY.uasset" SILENT=true
[2016.11.11-04.30.37:725][428]LogSavePackage: Save=14.14ms
[2016.11.11-04.30.37:725][428]LogSavePackage: Moving 'G:/StarHavenMobile/Saved/SKYAB35E553488440CB84AFC4A7950B54C4.tmp' to 'G:/StarHavenMobile/Content/SKY.uasset'
[2016.11.11-04.30.37:727][428]LogSavePackage:Display: Finished SavePackage G:/StarHavenMobile/Content/SKY.uasset
[2016.11.11-04.31.15:462][466]LogSlate:Warning: Prevented a slow task dialog from being summoned while a context menu was open
[2016.11.11-04.31.25:208][601]Cmd: UpdateLandscapeSetup
[2016.11.11-04.32.30:447][193]LogEditorTransaction: Undo Modify Component(s)
[2016.11.11-04.32.52:282][864]LogEditorTransaction: Undo Make New Scene Root
[2016.11.11-04.32.52:804][889]LogEditorTransaction: Undo Add Component
[2016.11.11-04.33.11:205][174]BlueprintLog: New page: Compile GameScreen-CameraDolly
[2016.11.11-04.33.11:337][174]BlueprintEditorCompileResults: Info [0390.96] Compile of GameScreen-CameraDolly successful! [in 132 ms] (/Game/LEVELS/GameScreen/GameScreen-CameraDolly.GameScreen-CameraDolly)
[2016.11.11-04.33.11:792][200]Cmd: OBJ SAVEPACKAGE PACKAGE="/Game/LEVELS/GameScreen/GameScreen-CameraDolly" FILE="G:/StarHavenMobile/Content/LEVELS/GameScreen/GameScreen-CameraDolly.uasset" SILENT=true
[2016.11.11-04.33.11:804][200]LogSavePackage: Save=8.85ms
[2016.11.11-04.33.11:804][200]LogSavePackage: Moving 'G:/StarHavenMobile/Saved/GameScreen-CameraDollyF80C0AD64040E3FBD121D390713F28FB.tmp' to 'G:/StarHavenMobile/Content/LEVELS/GameScreen/GameScreen-CameraDolly.uasset'
[2016.11.11-04.33.11:805][200]LogSavePackage:Display: Finished SavePackage G:/StarHavenMobile/Content/LEVELS/GameScreen/GameScreen-CameraDolly.uasset
[2016.11.11-04.33.28:640][553]BlueprintLog: New page: Compile GameScreen-CameraDolly
[2016.11.11-04.33.28:718][553]BlueprintEditorCompileResults: Info [0408.34] Compile of GameScreen-CameraDolly successful! [in 77 ms] (/Game/LEVELS/GameScreen/GameScreen-CameraDolly.GameScreen-CameraDolly)
[2016.11.11-04.33.29:068][570]Cmd: OBJ SAVEPACKAGE PACKAGE="/Game/LEVELS/GameScreen/GameScreen-CameraDolly" FILE="G:/StarHavenMobile/Content/LEVELS/GameScreen/GameScreen-CameraDolly.uasset" SILENT=true
[2016.11.11-04.33.29:081][570]LogSavePackage: Save=8.23ms
[2016.11.11-04.33.29:081][570]LogSavePackage: Moving 'G:/StarHavenMobile/Saved/GameScreen-CameraDollyF2FF00E54DA9559174E045AF36E573C7.tmp' to 'G:/StarHavenMobile/Content/LEVELS/GameScreen/GameScreen-CameraDolly.uasset'
[2016.11.11-04.33.29:082][570]LogSavePackage:Display: Finished SavePackage G:/StarHavenMobile/Content/LEVELS/GameScreen/GameScreen-CameraDolly.uasset
[2016.11.11-04.33.34:149][966]LogActorFactory: Actor Factory created Cube
[2016.11.11-04.33.35:460][113]LogActorFactory: Actor Factory created Cube
[2016.11.11-04.33.41:913][868]Cmd: DELETE
[2016.11.11-04.33.41:913][868]Cmd: ACTOR DELETE
[2016.11.11-04.33.41:913][868]LogEditorActor: Deleted Actor: StaticMeshActor
[2016.11.11-04.33.41:927][868]LogEditorActor: Deleted 1 Actors (0.014 secs)
[2016.11.11-04.33.49:370][692]LogEditorViewport: Clicking on Actor (LMB): StaticMeshActor (Cube)
[2016.11.11-04.33.56:918][523]LogEditorViewport: Clicking on Actor (LMB): StaticMeshActor (Cube)
[2016.11.11-04.33.57:506][593]LogEditorViewport: Clicking on Actor (LMB): StaticMeshActor (Cube)
[2016.11.11-04.34.04:352][404]LogEditorViewport: Clicking on Actor (LMB): StaticMeshActor (Cube)
[2016.11.11-04.34.05:607][554]LogEditorViewport: Clicking on Actor (LMB): StaticMeshActor (Cube)
[2016.11.11-04.34.05:705][565]LogEditorViewport: Clicking on Component (LMB): StaticMeshComponent (StaticMeshComponent0)
[2016.11.11-04.34.06:722][685]LogEditorViewport: Clicking on Component (LMB): StaticMeshComponent (StaticMeshComponent0)
[2016.11.11-04.34.18:501][871]LogEditorViewport: Clicking on Actor (LMB): SKY_C (SKY)
[2016.11.11-04.37.56:882][499]LogFactory: FactoryCreateFile: StaticMesh with FbxFactory (0 0 G:/AssetsNew/SpaceShip.fbx)
[2016.11.11-04.37.56:899][499]LogFbx: ItemName: GlobalSettings, ItemCount : 1
[2016.11.11-04.37.56:899][499]LogFbx: ItemName: AnimationStack, ItemCount : 1
[2016.11.11-04.37.56:899][499]LogFbx: ItemName: AnimationLayer, ItemCount : 1
[2016.11.11-04.37.56:899][499]LogFbx: ItemName: Geometry, ItemCount : 5
[2016.11.11-04.37.56:899][499]LogFbx: ItemName: Material, ItemCount : 1
[2016.11.11-04.37.56:899][499]LogFbx: ItemName: Model, ItemCount : 7
[2016.11.11-04.37.56:899][499]LogFbx: ItemName: NodeAttribute, ItemCount : 2
[2016.11.11-04.37.56:899][499]LogFbx: ItemName: CollectionExclusive, ItemCount : 2
[2016.11.11-04.37.56:906][499]LogFbx: Loading FBX Scene from G:/AssetsNew/SpaceShip.fbx
[2016.11.11-04.37.56:918][499]LogFbx: FBX Scene Loaded Succesfully
[2016.11.11-04.38.10:352][499]LogFbx: Loading FBX Scene from G:/AssetsNew/SpaceShip.fbx
[2016.11.11-04.38.10:360][499]LogFbx: FBX Scene Loaded Succesfully
[2016.11.11-04.38.10:366][499]LogLinker:Warning: Can't find file '/Game/OBJECTS/SpaceShipMaterial'
[2016.11.11-04.38.10:366][499]LogLinker:Warning: Can't find file '/Game/OBJECTS/SpaceShipMaterial'
[2016.11.11-04.38.10:370][499]LogMaterial: Missing cached shader map for material SpaceShipMaterial, compiling. 
[2016.11.11-04.38.10:402][499]LogStaticMesh: Building static mesh SpaceShip...
[2016.11.11-04.38.10:466][499]LogStaticMesh: Built static mesh [0.06s] /Game/OBJECTS/SpaceShip.SpaceShip
[2016.11.11-04.38.12:541][649]LogActorFactory: Actor Factory created SpaceShip
[2016.11.11-04.38.13:720][764]LogActorFactory: Actor Factory created SpaceShip
[2016.11.11-04.38.16:568][ 91]Cmd: OBJ SAVEPACKAGE PACKAGE="/Game/LEVELS/GameScreen" FILE="G:/StarHavenMobile/Saved/Autosaves/Game/LEVELS/GameScreen_Auto1.umap" SILENT=true AUTOSAVING=true KEEPDIRTY=false
[2016.11.11-04.38.16:586][ 91]LogSavePackage: Save=16.89ms
[2016.11.11-04.38.16:586][ 91]LogSavePackage: Moving 'G:/StarHavenMobile/Saved/GameScreen_Auto12AD3F65943914F82D6970DB977BD07C2.tmp' to 'G:/StarHavenMobile/Saved/Autosaves/Game/LEVELS/GameScreen_Auto1.umap'
[2016.11.11-04.38.16:587][ 91]LogSavePackage:Display: Finished SavePackage G:/StarHavenMobile/Saved/Autosaves/Game/LEVELS/GameScreen_Auto1.umap
[2016.11.11-04.38.16:588][ 91]LogFileHelpers: Editor autosave (incl. sublevels) for '/Game/LEVELS/GameScreen' took 0.034
[2016.11.11-04.38.16:588][ 91]LogFileHelpers: Editor autosave (incl. sublevels) for all levels took 0.034
[2016.11.11-04.38.16:595][ 91]OBJ SavePackage: Generating thumbnails for [0] asset(s) in package [/Game/LEVELS/GameScreen/GameScreen-GameMode] ([1] browsable assets)...
[2016.11.11-04.38.16:595][ 91]OBJ SavePackage: Finished generating thumbnails for package [/Game/LEVELS/GameScreen/GameScreen-GameMode]
[2016.11.11-04.38.16:595][ 91]Cmd: OBJ SAVEPACKAGE PACKAGE="/Game/LEVELS/GameScreen/GameScreen-GameMode" FILE="G:/StarHavenMobile/Saved/Autosaves/Game/LEVELS/GameScreen/GameScreen-GameMode_Auto1.uasset" SILENT=false AUTOSAVING=true
[2016.11.11-04.38.16:603][ 91]LogSavePackage: Save=8.05ms
[2016.11.11-04.38.16:603][ 91]LogSavePackage: Moving 'G:/StarHavenMobile/Saved/GameScreen-GameMode_Auto10F2123A64DA71A465F006F8D5E8A578C.tmp' to 'G:/StarHavenMobile/Saved/Autosaves/Game/LEVELS/GameScreen/GameScreen-GameMode_Auto1.uasset'
[2016.11.11-04.38.16:604][ 91]LogSavePackage:Display: Finished SavePackage G:/StarHavenMobile/Saved/Autosaves/Game/LEVELS/GameScreen/GameScreen-GameMode_Auto1.uasset
[2016.11.11-04.38.16:604][ 91]OBJ SavePackage: Generating thumbnails for [0] asset(s) in package [/Game/LEVELS/GameScreen/GameScreen-Pawn] ([1] browsable assets)...
[2016.11.11-04.38.16:604][ 91]OBJ SavePackage: Finished generating thumbnails for package [/Game/LEVELS/GameScreen/GameScreen-Pawn]
[2016.11.11-04.38.16:604][ 91]Cmd: OBJ SAVEPACKAGE PACKAGE="/Game/LEVELS/GameScreen/GameScreen-Pawn" FILE="G:/StarHavenMobile/Saved/Autosaves/Game/LEVELS/GameScreen/GameScreen-Pawn_Auto1.uasset" SILENT=false AUTOSAVING=true
[2016.11.11-04.38.16:611][ 91]LogSavePackage: Save=6.23ms
[2016.11.11-04.38.16:611][ 91]LogSavePackage: Moving 'G:/StarHavenMobile/Saved/GameScreen-Pawn_Auto1A6261FD24637763FFE30889C6D020BED.tmp' to 'G:/StarHavenMobile/Saved/Autosaves/Game/LEVELS/GameScreen/GameScreen-Pawn_Auto1.uasset'
[2016.11.11-04.38.16:611][ 91]LogSavePackage:Display: Finished SavePackage G:/StarHavenMobile/Saved/Autosaves/Game/LEVELS/GameScreen/GameScreen-Pawn_Auto1.uasset
[2016.11.11-04.38.16:612][ 91]OBJ SavePackage: Generating thumbnails for [1] asset(s) in package [/Game/OBJECTS/SpaceShip] ([1] browsable assets)...
[2016.11.11-04.38.16:624][ 91]OBJ SavePackage:     Rendered thumbnail for [StaticMesh /Game/OBJECTS/SpaceShip.SpaceShip]
[2016.11.11-04.38.16:624][ 91]OBJ SavePackage: Finished generating thumbnails for package [/Game/OBJECTS/SpaceShip]
[2016.11.11-04.38.16:624][ 91]Cmd: OBJ SAVEPACKAGE PACKAGE="/Game/OBJECTS/SpaceShip" FILE="G:/StarHavenMobile/Saved/Autosaves/Game/OBJECTS/SpaceShip_Auto1.uasset" SILENT=false AUTOSAVING=true
[2016.11.11-04.38.16:634][ 91]LogSavePackage: Save=9.15ms
[2016.11.11-04.38.16:634][ 91]LogSavePackage: Moving 'G:/StarHavenMobile/Saved/SpaceShip_Auto12FB9366F456696C780A257A3DED098E5.tmp' to 'G:/StarHavenMobile/Saved/Autosaves/Game/OBJECTS/SpaceShip_Auto1.uasset'
[2016.11.11-04.38.16:635][ 91]LogSavePackage:Display: Finished SavePackage G:/StarHavenMobile/Saved/Autosaves/Game/OBJECTS/SpaceShip_Auto1.uasset
[2016.11.11-04.38.16:635][ 91]OBJ SavePackage: Generating thumbnails for [1] asset(s) in package [/Game/OBJECTS/SpaceShipMaterial] ([1] browsable assets)...
[2016.11.11-04.38.16:648][ 91]OBJ SavePackage:     Rendered thumbnail for [Material /Game/OBJECTS/SpaceShipMaterial.SpaceShipMaterial]
[2016.11.11-04.38.16:648][ 91]OBJ SavePackage: Finished generating thumbnails for package [/Game/OBJECTS/SpaceShipMaterial]
[2016.11.11-04.38.16:648][ 91]Cmd: OBJ SAVEPACKAGE PACKAGE="/Game/OBJECTS/SpaceShipMaterial" FILE="G:/StarHavenMobile/Saved/Autosaves/Game/OBJECTS/SpaceShipMaterial_Auto1.uasset" SILENT=false AUTOSAVING=true
[2016.11.11-04.38.16:658][ 91]LogSavePackage: Save=9.16ms
[2016.11.11-04.38.16:658][ 91]LogSavePackage: Moving 'G:/StarHavenMobile/Saved/SpaceShipMaterial_Auto1CF3AD2B24F5BC121E721E3830DA8C364.tmp' to 'G:/StarHavenMobile/Saved/Autosaves/Game/OBJECTS/SpaceShipMaterial_Auto1.uasset'
[2016.11.11-04.38.16:658][ 91]LogSavePackage:Display: Finished SavePackage G:/StarHavenMobile/Saved/Autosaves/Game/OBJECTS/SpaceShipMaterial_Auto1.uasset
[2016.11.11-04.38.16:658][ 91]LogFileHelpers: Auto-saving content packages took 0.065
[2016.11.11-04.38.19:778][463]LogEditorViewport: Clicking on Actor (LMB): StaticMeshActor (Cube)
[2016.11.11-04.38.20:932][597]Cmd: DELETE
[2016.11.11-04.38.20:932][597]Cmd: ACTOR DELETE
[2016.11.11-04.38.20:932][597]LogEditorActor: Deleted Actor: StaticMeshActor
[2016.11.11-04.38.20:945][597]LogEditorActor: Deleted 1 Actors (0.013 secs)
[2016.11.11-04.38.21:576][673]LogEditorViewport: Clicking on Actor (LMB): StaticMeshActor (Cube2)
[2016.11.11-04.38.21:761][691]Cmd: DELETE
[2016.11.11-04.38.21:761][691]Cmd: ACTOR DELETE
[2016.11.11-04.38.21:761][691]LogEditorActor: Deleted Actor: StaticMeshActor
[2016.11.11-04.38.21:774][691]LogEditorActor: Deleted 1 Actors (0.014 secs)
[2016.11.11-04.38.22:672][799]LogEditorViewport: Clicking on Actor (LMB): PlayerStart (PlayerStart)
[2016.11.11-04.38.23:963][951]LogEditorViewport: Clicking on Actor (LMB): StaticMeshActor (SpaceShip)
[2016.11.11-04.38.35:795][352]LogEditorViewport: Clicking on Actor (LMB): StaticMeshActor (SpaceShip)
[2016.11.11-04.38.39:242][738]LogEditorActor: Deleted Actor: StaticMeshActor
[2016.11.11-04.38.39:256][738]LogEditorActor: Deleted 1 Actors (0.014 secs)
[2016.11.11-04.38.43:606][211]LogActorFactory: Actor Factory created SpaceShip
[2016.11.11-04.38.44:323][296]LogActorFactory: Actor Factory created SpaceShip
[2016.11.11-04.40.15:078][337]LogEditorTransaction: Undo Modify Component(s)
[2016.11.11-04.41.14:937][325]BlueprintLog: New page: Compile SpaceShip-Pawn
[2016.11.11-04.41.15:157][325]BlueprintEditorCompileResults: Info [0874.90] Compile of SpaceShip-Pawn successful! [in 220 ms] (/Game/OBJECTS/SpaceShip-Pawn.SpaceShip-Pawn)
[2016.11.11-04.41.15:512][340]Cmd: OBJ SAVEPACKAGE PACKAGE="/Game/OBJECTS/SpaceShip-Pawn" FILE="G:/StarHavenMobile/Content/OBJECTS/SpaceShip-Pawn.uasset" SILENT=true
[2016.11.11-04.41.15:531][340]LogSavePackage: Save=17.66ms
[2016.11.11-04.41.15:531][340]LogSavePackage: Moving 'G:/StarHavenMobile/Saved/SpaceShip-PawnF349D1A0446FD84D921D03992A6232D8.tmp' to 'G:/StarHavenMobile/Content/OBJECTS/SpaceShip-Pawn.uasset'
[2016.11.11-04.41.15:532][340]LogSavePackage:Display: Finished SavePackage G:/StarHavenMobile/Content/OBJECTS/SpaceShip-Pawn.uasset
[2016.11.11-04.41.23:295][  2]LogEditorActor: Deleted Actor: StaticMeshActor
[2016.11.11-04.41.23:310][  2]LogEditorActor: Deleted 1 Actors (0.015 secs)
[2016.11.11-04.41.29:292][582]LogActorFactory: Actor Factory created SpaceShip
[2016.11.11-04.41.30:686][747]LogActorFactory: Actor Factory created SpaceShip
[2016.11.11-04.41.32:622][972]Cmd: DELETE
[2016.11.11-04.41.32:622][972]Cmd: ACTOR DELETE
[2016.11.11-04.41.32:623][972]LogEditorActor: Deleted Actor: StaticMeshActor
[2016.11.11-04.41.32:636][972]LogEditorActor: Deleted 1 Actors (0.014 secs)
[2016.11.11-04.41.44:041][192]LogSlate:Warning: Prevented a slow task dialog from being summoned while a context menu was open
[2016.11.11-04.42.13:066][573]LogPlayLevel: PlayLevel: No blueprints needed recompiling
[2016.11.11-04.42.13:066][573]PIE: New page: PIE session: GameScreen (Nov 10, 2016, 12:42:13 PM)
[2016.11.11-04.42.13:066][573]LogPlayLevel: Creating play world package: /Game/LEVELS/UEDPIE_0_GameScreen
[2016.11.11-04.42.13:072][573]LogPlayLevel: PIE: StaticDuplicateObject took: (0.005756s)
[2016.11.11-04.42.13:072][573]LogAIModule: Creating AISystem for world GameScreen
[2016.11.11-04.42.13:072][573]LogPlayLevel: PIE: World Init took: (0.000599s)
[2016.11.11-04.42.13:073][573]LogPlayLevel: PIE: Created PIE world by copying editor world from /Game/LEVELS/GameScreen.GameScreen to /Game/LEVELS/UEDPIE_0_GameScreen.GameScreen (0.006575s)
[2016.11.11-04.42.13:092][573]LogInit: XAudio2 using 'Optoma 1080P-C (NVIDIA High Definition Audio)' : 2 channels at 48 kHz using 16 bits per sample (channel mask 0x3)
[2016.11.11-04.42.13:098][573]LogInit: FAudioDevice initialized.
[2016.11.11-04.42.13:126][573]LogWorld: Game class is 'GameScreen-GameMode_C'
[2016.11.11-04.42.13:127][573]LogWorld: Bringing World /Game/LEVELS/UEDPIE_0_GameScreen.GameScreen up for play (max tick rate 0) at 2016.11.10-20.42.13
[2016.11.11-04.42.13:128][573]LogWorld: Bringing up level for play took: 0.001008
[2016.11.11-04.42.13:134][573]PIE: Info Play in editor start time for /Game/LEVELS/UEDPIE_0_GameScreen 0.407
[2016.11.11-04.42.21:812][532]Cmd: OBJ SAVEPACKAGE PACKAGE="/Game/LEVELS/GameScreen" FILE="G:/StarHavenMobile/Content/LEVELS/GameScreen.umap" SILENT=true AUTOSAVING=false KEEPDIRTY=false
[2016.11.11-04.42.21:844][532]LogSavePackage: Save=16.07ms
[2016.11.11-04.42.21:844][532]LogSavePackage: Moving 'G:/StarHavenMobile/Saved/GameScreen0667432D48B463FF49E4D79716A47478.tmp' to 'G:/StarHavenMobile/Content/LEVELS/GameScreen.umap'
[2016.11.11-04.42.21:845][532]LogSavePackage:Display: Finished SavePackage G:/StarHavenMobile/Content/LEVELS/GameScreen.umap
[2016.11.11-04.42.21:853][532]LogFileHelpers: Saving map 'GameScreen' took 0.104
[2016.11.11-04.42.21:857][532]Cmd: OBJ SAVEPACKAGE PACKAGE="/Game/LEVELS/GameScreen/GameScreen-GameMode" FILE="G:/StarHavenMobile/Content/LEVELS/GameScreen/GameScreen-GameMode.uasset" SILENT=true
[2016.11.11-04.42.21:867][532]LogSavePackage: Save=8.16ms
[2016.11.11-04.42.21:867][532]LogSavePackage: Moving 'G:/StarHavenMobile/Saved/GameScreen-GameModeFC5DFFED4EBA820AE4A68395D1002CE6.tmp' to 'G:/StarHavenMobile/Content/LEVELS/GameScreen/GameScreen-GameMode.uasset'
[2016.11.11-04.42.21:868][532]LogSavePackage:Display: Finished SavePackage G:/StarHavenMobile/Content/LEVELS/GameScreen/GameScreen-GameMode.uasset
[2016.11.11-04.42.21:873][532]Cmd: OBJ SAVEPACKAGE PACKAGE="/Game/LEVELS/GameScreen/GameScreen-Pawn" FILE="G:/StarHavenMobile/Content/LEVELS/GameScreen/GameScreen-Pawn.uasset" SILENT=true
[2016.11.11-04.42.21:885][532]LogSavePackage: Save=6.62ms
[2016.11.11-04.42.21:885][532]LogSavePackage: Moving 'G:/StarHavenMobile/Saved/GameScreen-PawnBB41FFCE4F85605E1C32068BC8AA36AB.tmp' to 'G:/StarHavenMobile/Content/LEVELS/GameScreen/GameScreen-Pawn.uasset'
[2016.11.11-04.42.21:886][532]LogSavePackage:Display: Finished SavePackage G:/StarHavenMobile/Content/LEVELS/GameScreen/GameScreen-Pawn.uasset
[2016.11.11-04.42.21:904][532]Cmd: OBJ SAVEPACKAGE PACKAGE="/Game/OBJECTS/SpaceShip" FILE="G:/StarHavenMobile/Content/OBJECTS/SpaceShip.uasset" SILENT=true
[2016.11.11-04.42.21:914][532]LogSavePackage: Save=9.15ms
[2016.11.11-04.42.21:914][532]LogSavePackage: Moving 'G:/StarHavenMobile/Saved/SpaceShipF2D312C74E74269FD24766B22FF05DB4.tmp' to 'G:/StarHavenMobile/Content/OBJECTS/SpaceShip.uasset'
[2016.11.11-04.42.21:914][532]LogSavePackage:Display: Finished SavePackage G:/StarHavenMobile/Content/OBJECTS/SpaceShip.uasset
[2016.11.11-04.42.21:934][532]Cmd: OBJ SAVEPACKAGE PACKAGE="/Game/OBJECTS/SpaceShipMaterial" FILE="G:/StarHavenMobile/Content/OBJECTS/SpaceShipMaterial.uasset" SILENT=true
[2016.11.11-04.42.21:944][532]LogSavePackage: Save=9.18ms
[2016.11.11-04.42.21:944][532]LogSavePackage: Moving 'G:/StarHavenMobile/Saved/SpaceShipMaterialCDAF9CE44A8BFAEB8642BC9FF7B6C51C.tmp' to 'G:/StarHavenMobile/Content/OBJECTS/SpaceShipMaterial.uasset'
[2016.11.11-04.42.21:945][532]LogSavePackage:Display: Finished SavePackage G:/StarHavenMobile/Content/OBJECTS/SpaceShipMaterial.uasset
[2016.11.11-04.42.21:948][532]Cmd: OBJ SAVEPACKAGE PACKAGE="/Game/LEVELS/GameScreen/GameScreen-PlayerController" FILE="G:/StarHavenMobile/Content/LEVELS/GameScreen/GameScreen-PlayerController.uasset" SILENT=true
[2016.11.11-04.42.21:958][532]LogSavePackage: Save=7.58ms
[2016.11.11-04.42.21:958][532]LogSavePackage: Moving 'G:/StarHavenMobile/Saved/GameScreen-PlayerControllerBC167670469204F4555B53A72D217674.tmp' to 'G:/StarHavenMobile/Content/LEVELS/GameScreen/GameScreen-PlayerController.uasset'
[2016.11.11-04.42.21:959][532]LogSavePackage:Display: Finished SavePackage G:/StarHavenMobile/Content/LEVELS/GameScreen/GameScreen-PlayerController.uasset
[2016.11.11-04.42.23:559][680]Cmd: QUIT_EDITOR
[2016.11.11-04.42.23:610][680]LogExit: Preparing to exit.
[2016.11.11-04.42.24:421][680]LogExit: Editor shut down
[2016.11.11-04.42.24:422][680]LogExit: Transaction tracking system shut down
[2016.11.11-04.42.24:564][680]LogObj: Freed 0b from 0 cluster array pools.
[2016.11.11-04.42.24:564][680]LogExit: Object subsystem successfully closed.
[2016.11.11-04.42.24:583][680]LogD3D11RHI: Shutdown
[2016.11.11-04.42.24:583][680]LogD3D11RHI: CleanupD3DDevice
[2016.11.11-04.42.24:645][680]LogD3D11RHI: ~FD3D11DynamicRHI
[2016.11.11-04.42.24:662][680]LogModuleManager: Shutting down and abandoning module HierarchicalLODUtilities (218)
[2016.11.11-04.42.24:662][680]LogModuleManager: Shutting down and abandoning module BlueprintGraph (217)
[2016.11.11-04.42.24:662][680]LogModuleManager: Shutting down and abandoning module ExternalImagePicker (216)
[2016.11.11-04.42.24:662][680]LogModuleManager: Shutting down and abandoning module MovieSceneCapture (215)
[2016.11.11-04.42.24:662][680]LogModuleManager: Shutting down and abandoning module NewLevelDialog (214)
[2016.11.11-04.42.24:662][680]LogModuleManager: Shutting down and abandoning module HierarchicalLODOutliner (213)
[2016.11.11-04.42.24:662][680]LogModuleManager: Shutting down and abandoning module CrashTracker (212)
[2016.11.11-04.42.24:662][680]LogModuleManager: Shutting down and abandoning module SceneOutliner (211)
[2016.11.11-04.42.24:662][680]LogModuleManager: Shutting down and abandoning module WidgetCarousel (210)
[2016.11.11-04.42.24:662][680]LogModuleManager: Shutting down and abandoning module AddContentDialog (209)
[2016.11.11-04.42.24:663][680]LogModuleManager: Shutting down and abandoning module GameplayTags (208)
[2016.11.11-04.42.24:663][680]LogModuleManager: Shutting down and abandoning module EditorWidgets (207)
[2016.11.11-04.42.24:663][680]LogModuleManager: Shutting down and abandoning module CollectionManager (206)
[2016.11.11-04.42.24:663][680]LogModuleManager: Shutting down and abandoning module StatsViewer (205)
[2016.11.11-04.42.24:663][680]LogModuleManager: Shutting down and abandoning module FoliageEdit (204)
[2016.11.11-04.42.24:663][680]LogModuleManager: Shutting down and abandoning module LandscapeEditor (203)
[2016.11.11-04.42.24:664][680]LogModuleManager: Shutting down and abandoning module SceneDepthPickerMode (202)
[2016.11.11-04.42.24:664][680]LogModuleManager: Shutting down and abandoning module ActorPickerMode (201)
[2016.11.11-04.42.24:664][680]LogModuleManager: Shutting down and abandoning module GeometryMode (200)
[2016.11.11-04.42.24:664][680]LogModuleManager: Shutting down and abandoning module TextureAlignMode (199)
[2016.11.11-04.42.24:664][680]LogModuleManager: Shutting down and abandoning module BspMode (198)
[2016.11.11-04.42.24:664][680]LogModuleManager: Shutting down and abandoning module HardwareSurvey (197)
[2016.11.11-04.42.24:664][680]LogModuleManager: Shutting down and abandoning module SequenceRecorderSections (196)
[2016.11.11-04.42.24:664][680]LogModuleManager: Shutting down and abandoning module SequenceRecorder (195)
[2016.11.11-04.42.24:664][680]LogModuleManager: Shutting down and abandoning module AutomationWorker (194)
[2016.11.11-04.42.24:664][680]LogModuleManager: Shutting down and abandoning module MatineeToLevelSequence (193)
[2016.11.11-04.42.24:664][680]LogModuleManager: Shutting down and abandoning module PlacementMode (192)
[2016.11.11-04.42.24:664][680]LogModuleManager: Shutting down and abandoning module LevelSequenceEditor (191)
[2016.11.11-04.42.24:664][680]LogModuleManager: Shutting down and abandoning module CharacterAI (190)
[2016.11.11-04.42.24:664][680]LogModuleManager: Shutting down and abandoning module SmartSnapping (189)
[2016.11.11-04.42.24:664][680]LogModuleManager: Shutting down and abandoning module SessionServices (188)
[2016.11.11-04.42.24:664][680]LogModuleManager: Shutting down and abandoning module ViewportSnapping (187)
[2016.11.11-04.42.24:664][680]LogModuleManager: Shutting down and abandoning module LogVisualizer (186)
[2016.11.11-04.42.24:664][680]LogModuleManager: Shutting down and abandoning module GameProjectGeneration (185)
[2016.11.11-04.42.24:664][680]LogModuleManager: Shutting down and abandoning module IntroTutorials (184)
[2016.11.11-04.42.24:664][680]LogModuleManager: Shutting down and abandoning module EditorLiveStreaming (183)
[2016.11.11-04.42.24:664][680]LogModuleManager: Shutting down and abandoning module IOSPlatformEditor (182)
[2016.11.11-04.42.24:664][680]LogModuleManager: Shutting down and abandoning module HTML5PlatformEditor (181)
[2016.11.11-04.42.24:664][680]LogModuleManager: Shutting down and abandoning module AndroidDeviceDetection (180)
[2016.11.11-04.42.25:437][680]LogModuleManager: Shutting down and abandoning module AndroidPlatformEditor (179)
[2016.11.11-04.42.25:437][680]LogModuleManager: Shutting down and abandoning module IOSRuntimeSettings (178)
[2016.11.11-04.42.25:437][680]LogModuleManager: Shutting down and abandoning module AndroidRuntimeSettings (177)
[2016.11.11-04.42.25:437][680]LogModuleManager: Shutting down and abandoning module MergeActors (176)
[2016.11.11-04.42.25:437][680]LogModuleManager: Shutting down and abandoning module SizeMap (175)
[2016.11.11-04.42.25:437][680]LogModuleManager: Shutting down and abandoning module TreeMap (174)
[2016.11.11-04.42.25:437][680]LogModuleManager: Shutting down and abandoning module ReferenceViewer (173)
[2016.11.11-04.42.25:437][680]LogModuleManager: Shutting down and abandoning module LocalizationService (172)
[2016.11.11-04.42.25:437][680]LogModuleManager: Shutting down and abandoning module LocalizationDashboard (171)
[2016.11.11-04.42.25:437][680]LogModuleManager: Shutting down and abandoning module HardwareTargeting (170)
[2016.11.11-04.42.25:437][680]LogModuleManager: Shutting down and abandoning module DeviceProfileEditor (169)
[2016.11.11-04.42.25:437][680]LogModuleManager: Shutting down and abandoning module UndoHistory (168)
[2016.11.11-04.42.25:437][680]LogModuleManager: Shutting down and abandoning module UserFeedback (167)
[2016.11.11-04.42.25:437][680]LogModuleManager: Shutting down and abandoning module XmlParser (166)
[2016.11.11-04.42.25:437][680]LogModuleManager: Shutting down and abandoning module Blutility (165)
[2016.11.11-04.42.25:437][680]LogModuleManager: Shutting down and abandoning module ProjectTargetPlatformEditor (164)
[2016.11.11-04.42.25:437][680]LogModuleManager: Shutting down and abandoning module ProjectSettingsViewer (163)
[2016.11.11-04.42.25:438][680]LogModuleManager: Shutting down and abandoning module InputBindingEditor (162)
[2016.11.11-04.42.25:438][680]LogModuleManager: Shutting down and abandoning module EditorSettingsViewer (161)
[2016.11.11-04.42.25:438][680]LogModuleManager: Shutting down and abandoning module SettingsEditor (160)
[2016.11.11-04.42.25:438][680]LogModuleManager: Shutting down and abandoning module ProjectLauncher (159)
[2016.11.11-04.42.25:438][680]LogModuleManager: Shutting down and abandoning module SessionFrontend (158)
[2016.11.11-04.42.25:438][680]LogModuleManager: Shutting down and abandoning module ProfilerClient (157)
[2016.11.11-04.42.25:438][680]LogModuleManager: Shutting down and abandoning module TargetDeviceServices (156)
[2016.11.11-04.42.25:438][680]LogModuleManager: Shutting down and abandoning module DeviceManager (155)
[2016.11.11-04.42.25:498][680]LogModuleManager: Shutting down and abandoning module AutomationController (154)
[2016.11.11-04.42.25:498][680]LogModuleManager: Shutting down and abandoning module AutomationWindow (153)
[2016.11.11-04.42.25:498][680]LogModuleManager: Shutting down and abandoning module Layers (152)
[2016.11.11-04.42.25:498][680]LogModuleManager: Shutting down and abandoning module ComponentVisualizers (151)
[2016.11.11-04.42.25:498][680]LogModuleManager: Shutting down and abandoning module DetailCustomizations (150)
[2016.11.11-04.42.25:498][680]LogModuleManager: Shutting down and abandoning module PackagesDialog (149)
[2016.11.11-04.42.25:498][680]LogModuleManager: Shutting down and abandoning module Persona (148)
[2016.11.11-04.42.25:498][680]LogModuleManager: Shutting down and abandoning module Kismet (147)
[2016.11.11-04.42.25:498][680]LogModuleManager: Shutting down and abandoning module GraphEditor (146)
[2016.11.11-04.42.25:498][680]LogModuleManager: Shutting down and abandoning module ClassViewer (145)
[2016.11.11-04.42.25:499][680]LogModuleManager: Shutting down and abandoning module Toolbox (144)
[2016.11.11-04.42.25:499][680]LogModuleManager: Shutting down and abandoning module ModuleUI (143)
[2016.11.11-04.42.25:499][680]LogModuleManager: Shutting down and abandoning module MovieSceneTools (142)
[2016.11.11-04.42.25:499][680]LogModuleManager: Shutting down and abandoning module OutputLog (141)
[2016.11.11-04.42.25:499][680]LogModuleManager: Shutting down and abandoning module GammaUI (140)
[2016.11.11-04.42.25:499][680]LogModuleManager: Shutting down and abandoning module Documentation (139)
[2016.11.11-04.42.25:499][680]LogModuleManager: Shutting down and abandoning module StreamingPauseRendering (138)
[2016.11.11-04.42.25:499][680]LogModuleManager: Shutting down and abandoning module AnalyticsET (137)
[2016.11.11-04.42.25:499][680]LogModuleManager: Shutting down and abandoning module Analytics (136)
[2016.11.11-04.42.25:499][680]LogModuleManager: Shutting down and abandoning module PortalServices (135)
[2016.11.11-04.42.25:499][680]LogModuleManager: Shutting down and abandoning module PortalRpc (134)
[2016.11.11-04.42.25:499][680]LogModuleManager: Shutting down and abandoning module MessagingRpc (133)
[2016.11.11-04.42.25:499][680]LogModuleManager: Shutting down and abandoning module GameplayDebugger (132)
[2016.11.11-04.42.25:499][680]LogModuleManager: Shutting down and abandoning module AITestSuite (131)
[2016.11.11-04.42.25:499][680]LogModuleManager: Shutting down and abandoning module AIModule (130)
[2016.11.11-04.42.25:499][680]LogModuleManager: Shutting down and abandoning module ProfilerService (129)
[2016.11.11-04.42.25:583][680]LogModuleManager: Shutting down and abandoning module TaskGraph (128)
[2016.11.11-04.42.25:583][680]LogModuleManager: Shutting down and abandoning module SlateRemote (127)
[2016.11.11-04.42.25:583][680]LogModuleManager: Shutting down and abandoning module SteamVRController (126)
[2016.11.11-04.42.25:583][680]LogModuleManager: Shutting down and abandoning module SteamVR (125)
[2016.11.11-04.42.25:583][680]LogModuleManager: Shutting down and abandoning module ProceduralMeshComponent (124)
[2016.11.11-04.42.25:583][680]LogModuleManager: Shutting down and abandoning module OculusLibrary (123)
[2016.11.11-04.42.25:583][680]LogModuleManager: Shutting down and abandoning module OculusInput (122)
[2016.11.11-04.42.25:583][680]LogModuleManager: Shutting down and abandoning module CustomMeshComponent (121)
[2016.11.11-04.42.25:583][680]LogModuleManager: Shutting down and abandoning module CableComponent (120)
[2016.11.11-04.42.25:583][680]LogModuleManager: Shutting down and abandoning module ArchVisCharacter (119)
[2016.11.11-04.42.25:583][680]LogModuleManager: Shutting down and abandoning module MediaPlayerEditor (118)
[2016.11.11-04.42.25:583][680]LogModuleManager: Shutting down and abandoning module HTML5Networking (117)
[2016.11.11-04.42.25:583][680]LogModuleManager: Shutting down and abandoning module SuperSearch (116)
[2016.11.11-04.42.25:583][680]LogModuleManager: Shutting down and abandoning module SuperSearchEditor (115)
[2016.11.11-04.42.25:583][680]LogModuleManager: Shutting down and abandoning module SpeedTreeImporter (114)
[2016.11.11-04.42.25:583][680]LogModuleManager: Shutting down and abandoning module PluginBrowser (113)
[2016.11.11-04.42.25:583][680]LogModuleManager: Shutting down and abandoning module EpicSurvey (112)
[2016.11.11-04.42.25:583][680]LogModuleManager: Shutting down and abandoning module DesktopPlatform (111)
[2016.11.11-04.42.25:583][680]LogModuleManager: Shutting down and abandoning module VisualStudioSourceCodeAccess (110)
[2016.11.11-04.42.25:583][680]LogModuleManager: Shutting down and abandoning module UObjectPlugin (109)
[2016.11.11-04.42.25:583][680]LogModuleManager: Shutting down and abandoning module SubversionSourceControl (108)
[2016.11.11-04.42.25:583][680]LogModuleManager: Shutting down and abandoning module PerforceSourceControl (107)
[2016.11.11-04.42.25:583][680]LogModuleManager: Shutting down and abandoning module SourceControl (106)
[2016.11.11-04.42.25:584][680]LogModuleManager: Shutting down and abandoning module GitSourceControl (105)
[2016.11.11-04.42.25:584][680]LogModuleManager: Shutting down and abandoning module LightPropagationVolumeEditor (104)
[2016.11.11-04.42.25:584][680]LogModuleManager: Shutting down and abandoning module PaperTiledImporter (103)
[2016.11.11-04.42.25:584][680]LogModuleManager: Shutting down and abandoning module PaperSpriteSheetImporter (102)
[2016.11.11-04.42.25:584][680]LogModuleManager: Shutting down and abandoning module MeshPaint (101)
[2016.11.11-04.42.25:584][680]LogModuleManager: Shutting down and abandoning module PixelInspectorModule (100)
[2016.11.11-04.42.25:584][680]LogModuleManager: Shutting down and abandoning module HotReload (99)
[2016.11.11-04.42.25:584][680]LogModuleManager: Shutting down and abandoning module MainFrame (98)
[2016.11.11-04.42.25:584][680]LogModuleManager: Shutting down and abandoning module LevelEditor (97)
[2016.11.11-04.42.25:585][680]LogModuleManager: Shutting down and abandoning module ContentBrowser (96)
[2016.11.11-04.42.25:586][680]LogModuleManager: Shutting down and abandoning module Paper2DEditor (95)
[2016.11.11-04.42.25:586][680]LogModuleManager: Shutting down and abandoning module UdpMessaging (94)
[2016.11.11-04.42.25:686][680]LogModuleManager: Shutting down and abandoning module LightPropagationVolumeRuntime (93)
[2016.11.11-04.42.25:686][680]LogModuleManager: Shutting down and abandoning module Paper2D (92)
[2016.11.11-04.42.25:686][680]LogModuleManager: Shutting down and abandoning module WindowsMoviePlayer (91)
[2016.11.11-04.42.25:686][680]LogModuleManager: Shutting down and abandoning module Media (90)
[2016.11.11-04.42.25:686][680]LogModuleManager: Shutting down and abandoning module WmfMedia (89)
[2016.11.11-04.42.25:686][680]LogModuleManager: Shutting down and abandoning module MediaAssets (88)
[2016.11.11-04.42.25:686][680]LogModuleManager: Shutting down and abandoning module GameLiveStreaming (87)
[2016.11.11-04.42.25:686][680]LogModuleManager: Shutting down and abandoning module GameplayTagsEditor (86)
[2016.11.11-04.42.25:686][680]LogModuleManager: Shutting down and abandoning module OnlineBlueprintSupport (85)
[2016.11.11-04.42.25:686][680]LogModuleManager: Shutting down and abandoning module VREditor (84)
[2016.11.11-04.42.25:686][680]LogModuleManager: Shutting down and abandoning module GameplayTasksEditor (83)
[2016.11.11-04.42.25:686][680]LogModuleManager: Shutting down and abandoning module PropertyEditor (82)
[2016.11.11-04.42.25:686][680]LogModuleManager: Shutting down and abandoning module BehaviorTreeEditor (81)
[2016.11.11-04.42.25:686][680]LogModuleManager: Shutting down and abandoning module FunctionalTesting (80)
[2016.11.11-04.42.25:686][680]LogModuleManager: Shutting down and abandoning module CollisionAnalyzer (79)
[2016.11.11-04.42.25:686][680]LogModuleManager: Shutting down and abandoning module Sequencer (78)
[2016.11.11-04.42.25:686][680]LogModuleManager: Shutting down and abandoning module WorkspaceMenuStructure (77)
[2016.11.11-04.42.25:686][680]LogModuleManager: Shutting down and abandoning module MessageLog (76)
[2016.11.11-04.42.25:686][680]LogModuleManager: Shutting down and abandoning module AssetTools (75)
[2016.11.11-04.42.25:686][680]LogModuleManager: Shutting down and abandoning module UMGEditor (74)
[2016.11.11-04.42.25:686][680]LogModuleManager: Shutting down and abandoning module UMG (73)
[2016.11.11-04.42.25:686][680]LogModuleManager: Shutting down and abandoning module SlateReflector (72)
[2016.11.11-04.42.25:686][680]LogModuleManager: Shutting down and abandoning module Slate (71)
[2016.11.11-04.42.25:686][680]LogModuleManager: Shutting down and abandoning module EditorStyle (70)
[2016.11.11-04.42.25:689][680]LogModuleManager: Shutting down and abandoning module SourceCodeAccess (69)
[2016.11.11-04.42.25:689][680]LogModuleManager: Shutting down and abandoning module HeadMountedDisplay (68)
[2016.11.11-04.42.25:689][680]LogModuleManager: Shutting down and abandoning module XAudio2 (67)
[2016.11.11-04.42.25:689][680]LogModuleManager: Shutting down and abandoning module Networking (65)
[2016.11.11-04.42.25:689][680]LogModuleManager: Shutting down and abandoning module Core (64)
[2016.11.11-04.42.25:689][680]LogModuleManager: Shutting down and abandoning module DirectoryWatcher (63)
[2016.11.11-04.42.25:689][680]LogModuleManager: Shutting down and abandoning module AssetRegistry (62)
[2016.11.11-04.42.25:825][680]LogModuleManager: Shutting down and abandoning module KismetCompiler (61)
[2016.11.11-04.42.25:825][680]LogModuleManager: Shutting down and abandoning module PhysXFormats (60)
[2016.11.11-04.42.25:825][680]LogModuleManager: Shutting down and abandoning module MeshUtilities (59)
[2016.11.11-04.42.25:825][680]LogModuleManager: Shutting down and abandoning module DerivedDataCache (58)
[2016.11.11-04.42.25:886][680]LogDerivedDataCache: Shutdown
[2016.11.11-04.42.25:886][680]LogModuleManager: Shutting down and abandoning module VulkanShaderFormat (57)
[2016.11.11-04.42.25:886][680]LogModuleManager: Shutting down and abandoning module ShaderFormatOpenGL (56)
[2016.11.11-04.42.25:886][680]LogModuleManager: Shutting down and abandoning module ShaderFormatD3D (55)
[2016.11.11-04.42.25:886][680]LogModuleManager: Shutting down and abandoning module MetalShaderFormat (54)
[2016.11.11-04.42.25:886][680]LogModuleManager: Shutting down and abandoning module TextureFormatUncompressed (53)
[2016.11.11-04.42.25:886][680]LogModuleManager: Shutting down and abandoning module TextureFormatPVR (52)
[2016.11.11-04.42.25:886][680]LogModuleManager: Shutting down and abandoning module TextureFormatIntelISPCTexComp (51)
[2016.11.11-04.42.25:886][680]LogModuleManager: Shutting down and abandoning module TextureFormatDXT (50)
[2016.11.11-04.42.25:886][680]LogModuleManager: Shutting down and abandoning module ImageWrapper (49)
[2016.11.11-04.42.25:886][680]LogModuleManager: Shutting down and abandoning module TextureFormatASTC (48)
[2016.11.11-04.42.25:886][680]LogModuleManager: Shutting down and abandoning module TextureFormatAndroid (47)
[2016.11.11-04.42.25:886][680]LogModuleManager: Shutting down and abandoning module AudioFormatOpus (46)
[2016.11.11-04.42.25:886][680]LogModuleManager: Shutting down and abandoning module AudioFormatOgg (45)
[2016.11.11-04.42.25:886][680]LogModuleManager: Shutting down and abandoning module AudioFormatADPCM (44)
[2016.11.11-04.42.25:886][680]LogModuleManager: Shutting down and abandoning module LinuxTargetPlatform (43)
[2016.11.11-04.42.25:886][680]LogModuleManager: Shutting down and abandoning module LinuxServerTargetPlatform (42)
[2016.11.11-04.42.25:886][680]LogModuleManager: Shutting down and abandoning module LinuxNoEditorTargetPlatform (41)
[2016.11.11-04.42.25:886][680]LogModuleManager: Shutting down and abandoning module TVOSTargetPlatform (40)
[2016.11.11-04.42.25:886][680]LogModuleManager: Shutting down and abandoning module Messaging (39)
[2016.11.11-04.42.25:886][680]LogModuleManager: Shutting down and abandoning module IOSTargetPlatform (38)
[2016.11.11-04.42.25:886][680]LogModuleManager: Shutting down and abandoning module HTML5TargetPlatform (37)
[2016.11.11-04.42.25:886][680]LogModuleManager: Shutting down and abandoning module Android_PVRTCTargetPlatform (36)
[2016.11.11-04.42.25:886][680]LogModuleManager: Shutting down and abandoning module Android_MultiTargetPlatform (35)
[2016.11.11-04.42.25:886][680]LogModuleManager: Shutting down and abandoning module Android_ETC2TargetPlatform (34)
[2016.11.11-04.42.25:886][680]LogModuleManager: Shutting down and abandoning module Android_ETC1TargetPlatform (33)
[2016.11.11-04.42.25:886][680]LogModuleManager: Shutting down and abandoning module Android_DXTTargetPlatform (32)
[2016.11.11-04.42.25:887][680]LogModuleManager: Shutting down and abandoning module Android_ATCTargetPlatform (31)
[2016.11.11-04.42.25:887][680]LogModuleManager: Shutting down and abandoning module Android_ASTCTargetPlatform (30)
[2016.11.11-04.42.25:887][680]LogModuleManager: Shutting down and abandoning module AndroidTargetPlatform (29)
[2016.11.11-04.42.25:887][680]LogModuleManager: Shutting down and abandoning module WindowsTargetPlatform (28)
[2016.11.11-04.42.25:887][680]LogModuleManager: Shutting down and abandoning module WindowsServerTargetPlatform (27)
[2016.11.11-04.42.25:887][680]LogModuleManager: Shutting down and abandoning module WindowsNoEditorTargetPlatform (26)
[2016.11.11-04.42.25:887][680]LogModuleManager: Shutting down and abandoning module WindowsClientTargetPlatform (25)
[2016.11.11-04.42.25:887][680]LogModuleManager: Shutting down and abandoning module AllDesktopTargetPlatform (24)
[2016.11.11-04.42.25:887][680]LogModuleManager: Shutting down and abandoning module TargetPlatform (23)
[2016.11.11-04.42.25:887][680]LogModuleManager: Shutting down and abandoning module InputCore (22)
[2016.11.11-04.42.25:887][680]LogModuleManager: Shutting down and abandoning module Settings (21)
[2016.11.11-04.42.25:887][680]LogModuleManager: Shutting down and abandoning module OnlineSubsystem (19)
[2016.11.11-04.42.25:887][680]LogModuleManager: Shutting down and abandoning module HTTP (18)
[2016.11.11-04.42.27:387][680]LogModuleManager: Shutting down and abandoning module XMPP (17)
[2016.11.11-04.42.27:387][680]LogModuleManager: Shutting down and abandoning module OculusRift (16)
[2016.11.11-04.42.27:387][680]LogModuleManager: Shutting down and abandoning module ExampleDeviceProfileSelector (15)
[2016.11.11-04.42.27:387][680]LogModuleManager: Shutting down and abandoning module TextureCompressor (14)
[2016.11.11-04.42.27:387][680]LogModuleManager: Shutting down and abandoning module ShaderCore (13)
[2016.11.11-04.42.27:387][680]LogModuleManager: Shutting down and abandoning module Landscape (12)
[2016.11.11-04.42.27:387][680]LogModuleManager: Shutting down and abandoning module SlateRHIRenderer (11)
[2016.11.11-04.42.27:388][680]LogModuleManager: Shutting down and abandoning module OpenGLDrv (10)
[2016.11.11-04.42.27:388][680]LogModuleManager: Shutting down and abandoning module D3D11RHI (9)
[2016.11.11-04.42.27:388][680]LogModuleManager: Shutting down and abandoning module AnimGraphRuntime (8)
[2016.11.11-04.42.27:388][680]LogModuleManager: Shutting down and abandoning module Renderer (7)
[2016.11.11-04.42.27:388][680]LogModuleManager: Shutting down and abandoning module Engine (6)
[2016.11.11-04.42.27:388][680]LogModuleManager: Shutting down and abandoning module CoreUObject (5)
[2016.11.11-04.42.27:388][680]LogModuleManager: Shutting down and abandoning module NetworkFile (4)
[2016.11.11-04.42.27:388][680]LogModuleManager: Shutting down and abandoning module StreamingFile (3)
[2016.11.11-04.42.27:388][680]LogModuleManager: Shutting down and abandoning module SandboxFile (2)
[2016.11.11-04.42.27:389][680]LogModuleManager: Shutting down and abandoning module PakFile (1)
[2016.11.11-04.42.27:390][680]LogExit: Exiting.
[2016.11.11-04.42.27:397][680]Log file closed, 11/10/16 20:42:27
