Log file open, 11/10/16 20:43:02
LogInit:Display: Running engine for game: StarHavenMobile
LogPlatformFile: Not using cached read wrapper
LogInit:Display: RandInit(1854677849) SRandInit(1854677851).
LogTaskGraph: Started task graph with 4 named threads and 7 total threads with 1 sets of task threads.
LogStats: Stats thread started at 0.077017
LogInit: Version: 4.12.5-3039270+++UE4+Release-4.12
LogInit: API Version: 2992821
LogInit: Net Version: 3039270
LogDevObjectVersion: Number of dev versions registered: 13
LogDevObjectVersion:   Dev-Blueprints (B0D832E4-1F89-4F0D-ACCF-7EB736FD4AA2): 3
LogDevObjectVersion:   Dev-Build (E1C64328-A22C-4D53-A36C-8E866417BD8C): 0
LogDevObjectVersion:   Dev-Core (375EC13C-06E4-48FB-B500-84F0262A717E): 1
LogDevObjectVersion:   Dev-Editor (E4B068ED-F494-42E9-A231-DA0B2E46BB41): 2
LogDevObjectVersion:   Dev-Framework (CFFC743F-43B0-4480-9391-14DF171D2073): 6
LogDevObjectVersion:   Dev-Mobile (B02B49B5-BB20-44E9-A304-32B752E40360): 0
LogDevObjectVersion:   Dev-Networking (A4E4105C-59A1-49B5-A7C5-40C4547EDFEE): 0
LogDevObjectVersion:   Dev-Online (39C831C9-5AE6-47DC-9A44-9C173E1C8E7C): 0
LogDevObjectVersion:   Dev-Physics (78F01B33-EBEA-4F98-B9B4-84EACCB95AA2): 0
LogDevObjectVersion:   Dev-Platform (6631380F-2D4D-43E0-8009-CF276956A95A): 0
LogDevObjectVersion:   Dev-Rendering (12F88B9F-8875-4AFC-A67C-D90C383ABD29): 2
LogDevObjectVersion:   Dev-Sequencer (7B5AE74C-D270-4C10-A958-57980B212A5A): 0
LogDevObjectVersion:   Dev-VR (D7296918-1DD6-4BDD-9DE2-64A83CC13884): 0
LogInit: Compiled (64-bit): Jul  6 2016 09:09:46
LogInit: Compiled with Visual C++: 19.00.23026.00
LogInit: Build Configuration: Development
LogInit: Branch Name: ++UE4+Release-4.12
LogInit: Command line: 
LogInit: Base directory: C:/UE4/4.12/Engine/Binaries/Win64/
LogInit: Installed Engine Build: 1
LogInit: Using libcurl 7.41.0
LogInit:  - built for x86_64-pc-win32
LogInit:  - supports SSL with WinSSL
LogInit:  - other features:
LogInit:      CURL_VERSION_SSL
LogInit:      CURL_VERSION_IPV6
LogInit:      CURL_VERSION_ASYNCHDNS
LogInit:      CURL_VERSION_LARGEFILE
LogInit:      CURL_VERSION_IDN
LogInit:  CurlRequestOptions (configurable via config and command line):
LogInit:  - bVerifyPeer = true  - Libcurl will verify peer certificate
LogInit:  - bUseHttpProxy = false  - Libcurl will NOT use HTTP proxy
LogInit:  - bDontReuseConnections = false  - Libcurl will reuse connections
LogInit:  - CertBundlePath = nullptr  - Libcurl will use whatever was configured at build time.
LogInit: Presizing for max 8388607 objects, including 0 objects not considered by GC, pre-allocating 0 bytes for permanent pool.
LogInit: Object subsystem initialized
[2016.11.11-04.43.02:913][  0]LogInit: Selected Device Profile: [Windows]
[2016.11.11-04.43.02:913][  0]LogInit: Applying CVar settings loaded from the selected device profile: [Windows]
[2016.11.11-04.43.02:922][  0]LogInit: Computer: AI241LAB0201PIN
[2016.11.11-04.43.02:922][  0]LogInit: User: student
[2016.11.11-04.43.02:922][  0]LogInit: CPU Page size=65536, Cores=4
[2016.11.11-04.43.02:922][  0]LogInit: High frequency timer resolution =3.604638 MHz
[2016.11.11-04.43.02:922][  0]LogMemory: Memory total: Physical=15.9GB (16GB approx)
[2016.11.11-04.43.02:922][  0]LogMemory: Platform Memory Stats for Windows
[2016.11.11-04.43.02:922][  0]LogMemory: Process Physical Memory: 192.16 MB used, 192.16 MB peak
[2016.11.11-04.43.02:923][  0]LogMemory: Process Virtual Memory: 197.73 MB used, 197.73 MB peak
[2016.11.11-04.43.02:923][  0]LogMemory: Physical Memory: 10036.96 MB used, 16307.85 MB total
[2016.11.11-04.43.02:923][  0]LogMemory: Virtual Memory: 524.86 MB used, 8388608.00 MB total
[2016.11.11-04.43.02:957][  0]LogTextLocalizationManager: No specific translations for ('en-US') exist, so ('en') translations will be used.
[2016.11.11-04.43.03:380][  0]LogD3D11RHI: D3D11 adapters:
[2016.11.11-04.43.03:407][  0]LogD3D11RHI:    0. 'NVIDIA GeForce GTX 1080' (Feature Level 11_0)
[2016.11.11-04.43.03:407][  0]LogD3D11RHI:       8084/0/7897 MB DedicatedVideo/DedicatedSystem/SharedSystem, Outputs:3, VendorId:0x10de
[2016.11.11-04.43.03:407][  0]LogD3D11RHI: Chosen D3D11 Adapter: 0
[2016.11.11-04.43.03:414][  0]LogD3D11RHI: Creating new Direct3DDevice
[2016.11.11-04.43.03:415][  0]LogD3D11RHI:     GPU DeviceId: 0x1b80 (for the marketing name, search the web for "GPU Device Id")
[2016.11.11-04.43.03:415][  0]LogWindows: EnumDisplayDevices:
[2016.11.11-04.43.03:415][  0]LogWindows:    0. 'NVIDIA GeForce GTX 1080' (P:0 D:1)
[2016.11.11-04.43.03:416][  0]LogWindows:    1. 'NVIDIA GeForce GTX 1080' (P:0 D:1)
[2016.11.11-04.43.03:416][  0]LogWindows:    2. 'NVIDIA GeForce GTX 1080' (P:1 D:1)
[2016.11.11-04.43.03:417][  0]LogWindows:    3. 'NVIDIA GeForce GTX 1080' (P:0 D:0)
[2016.11.11-04.43.03:418][  0]LogWindows:    4. 'RDPDD Chained DD' (P:0 D:0)
[2016.11.11-04.43.03:418][  0]LogWindows:    5. 'RDP Encoder Mirror Driver' (P:0 D:0)
[2016.11.11-04.43.03:418][  0]LogWindows:    6. 'RDP Reflector Display Driver' (P:0 D:0)
[2016.11.11-04.43.03:419][  0]LogWindows: DebugString: GetVideoDriverDetailsInvalid PrimaryIsNotTheChoosenAdapter GetVideoDriverDetailsInvalid PrimaryIsNotTheChoosenAdapter GetVideoDriverDetailsInvalid PrimaryIsNotTheChoosenAdapter FoundDriverCount:4 
[2016.11.11-04.43.03:419][  0]LogD3D11RHI:     Adapter Name: NVIDIA GeForce GTX 1080
[2016.11.11-04.43.03:419][  0]LogD3D11RHI:   Driver Version: 372.54 (internal:21.21.13.7254, unified:372.54)
[2016.11.11-04.43.03:419][  0]LogD3D11RHI:      Driver Date: 8-11-2016
[2016.11.11-04.43.03:419][  0]LogRHI: Texture pool is 1361 MB (70% of 1945 MB)
[2016.11.11-04.43.03:430][  0]LogD3D11RHI: Async texture creation enabled
[2016.11.11-04.43.03:446][  0]LogD3D11RHI: GPU Timing Frequency: 1000.000000 (Debug: 2 2)
[2016.11.11-04.43.03:446][  0]LogShaderCompilers: Guid format shader working directory is 29 characters bigger than the processId version (G:/StarHavenMobile/Intermediate/Shaders/WorkingDirectory/11592/).
[2016.11.11-04.43.03:446][  0]LogShaderCompilers: Cleaned the shader compiler working directory 'C:/Users/student/AppData/Local/Temp/UnrealShaderWorkingDir/E72DC5AD4C2A41D3203C6CB301BFD5F9/'.
[2016.11.11-04.43.03:446][  0]LogShaderCompilers:Display: Using Local Shader Compiler.
[2016.11.11-04.43.04:317][  0]LogTemp:Display: Loaded TP AllDesktopTargetPlatform
[2016.11.11-04.43.04:326][  0]LogTemp:Display: Loaded TP WindowsClientTargetPlatform
[2016.11.11-04.43.04:336][  0]LogTemp:Display: Loaded TP WindowsNoEditorTargetPlatform
[2016.11.11-04.43.04:345][  0]LogTemp:Display: Loaded TP WindowsServerTargetPlatform
[2016.11.11-04.43.04:354][  0]LogTemp:Display: Loaded TP WindowsTargetPlatform
[2016.11.11-04.43.04:362][  0]LogTemp:Display: Loaded TP AndroidTargetPlatform
[2016.11.11-04.43.04:370][  0]LogTemp:Display: Loaded TP Android_ASTCTargetPlatform
[2016.11.11-04.43.04:377][  0]LogTemp:Display: Loaded TP Android_ATCTargetPlatform
[2016.11.11-04.43.04:385][  0]LogTemp:Display: Loaded TP Android_DXTTargetPlatform
[2016.11.11-04.43.04:393][  0]LogTemp:Display: Loaded TP Android_ETC1TargetPlatform
[2016.11.11-04.43.04:400][  0]LogTemp:Display: Loaded TP Android_ETC2TargetPlatform
[2016.11.11-04.43.04:415][  0]LogTemp:Display: Loaded TP Android_MultiTargetPlatform
[2016.11.11-04.43.04:415][  0]LogTemp:Display: Loaded TP Android_PVRTCTargetPlatform
[2016.11.11-04.43.04:416][  0]LogTemp:Display: Loaded TP HTML5TargetPlatform
[2016.11.11-04.43.04:437][  0]LogTemp:Display: Loaded TP IOSTargetPlatform
[2016.11.11-04.43.04:444][  0]LogTemp:Display: Loaded TP TVOSTargetPlatform
[2016.11.11-04.43.04:451][  0]LogTemp:Display: Loaded TP LinuxNoEditorTargetPlatform
[2016.11.11-04.43.04:458][  0]LogTemp:Display: Loaded TP LinuxServerTargetPlatform
[2016.11.11-04.43.04:466][  0]LogTemp:Display: Loaded TP LinuxTargetPlatform
[2016.11.11-04.43.04:466][  0]LogTargetPlatformManager:Display: Building Assets For Windows
[2016.11.11-04.43.04:540][  0]LogDerivedDataCache:Display: Max Cache Size: 512 MB
[2016.11.11-04.43.04:601][  0]LogDerivedDataCache: Loaded boot cache 0.06s 62MB C:/Users/student/AppData/Local/UnrealEngine/4.12/DerivedDataCache/Boot.ddc.
[2016.11.11-04.43.04:601][  0]LogDerivedDataCache:Display: Loaded Boot cache: C:/Users/student/AppData/Local/UnrealEngine/4.12/DerivedDataCache/Boot.ddc
[2016.11.11-04.43.04:601][  0]LogDerivedDataCache: FDerivedDataBackendGraph:  Pak pak cache file G:/StarHavenMobile/DerivedDataCache/DDC.ddp not found, will not use a pak cache.
[2016.11.11-04.43.04:601][  0]LogDerivedDataCache: Unable to find inner node Pak for hierarchical cache Hierarchy.
[2016.11.11-04.43.04:601][  0]LogDerivedDataCache: FDerivedDataBackendGraph:  CompressedPak pak cache file G:/StarHavenMobile/DerivedDataCache/Compressed.ddp not found, will not use a pak cache.
[2016.11.11-04.43.04:601][  0]LogDerivedDataCache: Unable to find inner node CompressedPak for hierarchical cache Hierarchy.
[2016.11.11-04.43.04:617][  0]LogDerivedDataCache:Display: Pak cache opened for reading ../../../Engine/DerivedDataCache/Compressed.ddp.
[2016.11.11-04.43.04:629][  0]LogDerivedDataCache: Using Local data cache path C:/Users/student/AppData/Local/UnrealEngine/Common/DerivedDataCache: Writable
[2016.11.11-04.43.04:824][  0]LogInit: Selected Device Profile: [Windows]
[2016.11.11-04.43.04:824][  0]LogContentStreaming: Texture pool size is 0.00 MB
[2016.11.11-04.43.04:977][  0]LogMeshUtilities: No automatic mesh reduction module available
[2016.11.11-04.43.04:977][  0]LogMeshUtilities: No automatic mesh merging module available
[2016.11.11-04.43.04:977][  0]LogMeshUtilities: No distributed automatic mesh merging module available
[2016.11.11-04.43.05:237][  0]LogAssetRegistry: FAssetRegistry took 0.0199 seconds to start up
[2016.11.11-04.43.05:262][  0]LogPackageLocalizationCache: Processed 3 localized package path(s) for 2 prioritized culture(s) in 0.022769 seconds
[2016.11.11-04.43.05:267][  0]LogUObjectArray: 28739 objects as part of root set at end of initial load.
[2016.11.11-04.43.05:267][  0]LogUObjectAllocator: 5855632 out of 0 bytes used by permanent object pool.
[2016.11.11-04.43.05:267][  0]LogUObjectArray: CloseDisregardForGC: 0/0 objects in disregard for GC pool
[2016.11.11-04.43.05:274][  0]LogInit: WinSock: version 1.1 (2.2), MaxSocks=32767, MaxUdp=65467
[2016.11.11-04.43.05:445][  0]LogSlate: SlateFontCache - WITH_FREETYPE: 1, WITH_HARFBUZZ: 1
[2016.11.11-04.43.05:445][  0]LogSlate: SlateFontCache - WITH_FREETYPE: 1, WITH_HARFBUZZ: 1
[2016.11.11-04.43.06:055][  0]LogUdpMessaging: Initializing bridge on interface 0.0.0.0:0 to multicast group 230.0.0.1:6666.
[2016.11.11-04.43.06:260][  0]SourceControl: Info Source control is disabled
[2016.11.11-04.43.06:261][  0]SourceControl: Info Source control is disabled
[2016.11.11-04.43.06:269][  0]SourceControl: Info Source control is disabled
[2016.11.11-04.43.06:277][  0]SourceControl: Info Source control is disabled
[2016.11.11-04.43.06:477][  0]LogEngine: Initializing Engine...
[2016.11.11-04.43.06:477][  0]LogHMD: SteamVR failed to initialize.  Err: 110
[2016.11.11-04.43.06:478][  0]LogHMD: SteamVR failed to initialize.  Err: 110
[2016.11.11-04.43.06:607][  0]LogAIModule: Creating AISystem for world NewWorld
[2016.11.11-04.43.06:613][  0]LogInit: XAudio2 using 'Optoma 1080P-C (NVIDIA High Definition Audio)' : 2 channels at 48 kHz using 16 bits per sample (channel mask 0x3)
[2016.11.11-04.43.06:629][  0]LogInit: FAudioDevice initialized.
[2016.11.11-04.43.06:654][  0]LogDerivedDataCache: Saved boot cache 0.02s 48MB C:/Users/student/AppData/Local/UnrealEngine/4.12/DerivedDataCache/Boot.ddc.
[2016.11.11-04.43.06:659][  0]LogInit: Texture streaming: Enabled
[2016.11.11-04.43.06:683][  0]LogInit: Transaction tracking system initialized
[2016.11.11-04.43.06:705][  0]BlueprintLog: New page: Editor Load
[2016.11.11-04.43.06:843][  0]LocalizationService: Info Localization service is disabled
[2016.11.11-04.43.06:902][  0]LogConsoleResponse:Display: 
[2016.11.11-04.43.06:994][  0]LogCook:Display: Max memory allowance for cook 8192mb
[2016.11.11-04.43.06:994][  0]LogCook:Display: Mobile HDR setting 1
[2016.11.11-04.43.07:083][  0]LogFileCache: Scanning file cache for directory 'G:/StarHavenMobile/Content/' took 0.01s
[2016.11.11-04.43.07:083][  0]SourceControl: Info Source control is disabled
[2016.11.11-04.43.07:083][  0]Cmd: MAP LOAD FILE="../../../Engine/Content/Maps/Templates/Template_Default.umap" TEMPLATE=1 SHOWPROGRESS=1 FEATURELEVEL=3
[2016.11.11-04.43.07:084][  0]LightingResults: New page: Lighting Build
[2016.11.11-04.43.07:086][  0]MapCheck: New page: Map Check
[2016.11.11-04.43.07:086][  0]LightingResults: New page: Lighting Build
[2016.11.11-04.43.07:332][  0]LogAIModule: Creating AISystem for world Untitled_1
[2016.11.11-04.43.07:336][  0]LogEditorServer: Finished looking for orphan Actors (0.000 secs)
[2016.11.11-04.43.07:341][  0]Cmd: MAP CHECKDEP NOCLEARLOG
[2016.11.11-04.43.07:384][  0]MapCheck: Info Map check complete: 0 Error(s), 0 Warning(s), took 43.2ms to complete.
[2016.11.11-04.43.07:384][  0]LogFileHelpers: Loading map 'Template_Default' took 0.301
[2016.11.11-04.43.07:594][  0]LogCollectionManager: Loaded 0 collections in 0.001752 seconds
[2016.11.11-04.43.07:657][  0]LogFileCache: Scanning file cache for directory 'G:/StarHavenMobile/Saved/Collections/' took 0.01s
[2016.11.11-04.43.07:657][  0]LogFileCache: Scanning file cache for directory 'G:/StarHavenMobile/Content/Developers/student/Collections/' took 0.01s
[2016.11.11-04.43.07:657][  0]LogFileCache: Scanning file cache for directory 'G:/StarHavenMobile/Content/Collections/' took 0.01s
[2016.11.11-04.43.07:657][  0]LogCollectionManager: Rebuilt the GUID cache for 0 collections in 0.000002 seconds
[2016.11.11-04.43.07:667][  0]LogContentBrowser: Native class hierarchy populated in 0.0092 seconds. Added 2047 classes and 369 folders.
[2016.11.11-04.43.07:672][  0]LogStats: UGameplayTagsManager::ConstructGameplayTagTree: Construct from data asset -  0.000 s
[2016.11.11-04.43.07:672][  0]LogStats: UGameplayTagsManager::ConstructGameplayTagTree: GameplayTagTreeChangedEvent.Broadcast -  0.000 s
[2016.11.11-04.43.07:673][  0]LogContentBrowser: Native class hierarchy updated for 'GameplayTags' in 0.0006 seconds. Added 12 classes and 0 folders.
[2016.11.11-04.43.07:679][  0]LogContentBrowser: Native class hierarchy updated for 'WidgetCarousel' in 0.0003 seconds. Added 0 classes and 0 folders.
[2016.11.11-04.43.07:718][  0]LogContentBrowser: Native class hierarchy updated for 'AddContentDialog' in 0.0004 seconds. Added 0 classes and 0 folders.
[2016.11.11-04.43.07:722][  0]LogContentBrowser: Native class hierarchy updated for 'SceneOutliner' in 0.0003 seconds. Added 1 classes and 2 folders.
[2016.11.11-04.43.07:768][  0]LogCrashTracker: Crashtracker disabled due to settings.
[2016.11.11-04.43.07:854][  0]LogContentBrowser: Native class hierarchy updated for 'HierarchicalLODOutliner' in 0.0004 seconds. Added 1 classes and 2 folders.
[2016.11.11-04.43.07:854][  0]LogLoad: Full Startup: 5.66 seconds (BP compile: 0.03 seconds)
[2016.11.11-04.43.07:854][  0]LogExternalProfiler: Found external profiler: VSPerf
[2016.11.11-04.43.07:854][  0]LogExternalProfiler: Using external profiler: VSPerf
[2016.11.11-04.43.07:863][  0]LogOcInput: OculusInput pre-init called
[2016.11.11-04.43.07:882][  0]LogContentStreaming: Texture pool size now 1000 MB
[2016.11.11-04.43.08:039][  0]LogRenderer: Reallocating scene render targets to support 1208x576 (Frame:2).
[2016.11.11-04.43.08:125][  1]LogAssetRegistry: Asset discovery search completed in 2.9091 seconds
[2016.11.11-04.43.08:125][  1]LogCollectionManager: Rebuilt the object cache for 0 collections in 0.000001 seconds (found 0 objects)
[2016.11.11-04.43.08:125][  1]LogCollectionManager: Fixed up redirectors for 0 collections in 0.000021 seconds (updated 0 objects)
[2016.11.11-04.43.12:245][416]LogAIModule: Creating AISystem for world GameScreen
[2016.11.11-04.43.12:263][416]Cmd: MAP LOAD FILE="G:/StarHavenMobile/Content/LEVELS/GameScreen.umap" TEMPLATE=0 SHOWPROGRESS=1 FEATURELEVEL=3
[2016.11.11-04.43.12:263][416]LightingResults: New page: Lighting Build
[2016.11.11-04.43.12:264][416]LoadErrors: New page: Loading map: GameScreen.umap
[2016.11.11-04.43.12:264][416]MapCheck: New page: Map Check
[2016.11.11-04.43.12:264][416]LightingResults: New page: Lighting Build
[2016.11.11-04.43.12:310][416]LogEditorServer: Finished looking for orphan Actors (0.000 secs)
[2016.11.11-04.43.12:322][416]Cmd: MAP CHECKDEP NOCLEARLOG
[2016.11.11-04.43.12:367][416]MapCheck: Info Map check complete: 0 Error(s), 0 Warning(s), took 44.665ms to complete.
[2016.11.11-04.43.12:367][416]LogFileHelpers: Loading map 'GameScreen' took 0.105
[2016.11.11-04.43.14:290][624]LogPlayLevel: PlayLevel: No blueprints needed recompiling
[2016.11.11-04.43.14:290][624]PIE: New page: PIE session: GameScreen (Nov 10, 2016, 12:43:14 PM)
[2016.11.11-04.43.14:291][624]LogPlayLevel: Creating play world package: /Game/LEVELS/UEDPIE_0_GameScreen
[2016.11.11-04.43.14:293][624]LogPlayLevel: PIE: StaticDuplicateObject took: (0.001971s)
[2016.11.11-04.43.14:293][624]LogAIModule: Creating AISystem for world GameScreen
[2016.11.11-04.43.14:293][624]LogPlayLevel: PIE: World Init took: (0.000538s)
[2016.11.11-04.43.14:294][624]LogPlayLevel: PIE: Created PIE world by copying editor world from /Game/LEVELS/GameScreen.GameScreen to /Game/LEVELS/UEDPIE_0_GameScreen.GameScreen (0.002973s)
[2016.11.11-04.43.14:304][624]LogInit: XAudio2 using 'Optoma 1080P-C (NVIDIA High Definition Audio)' : 2 channels at 48 kHz using 16 bits per sample (channel mask 0x3)
[2016.11.11-04.43.14:309][624]LogInit: FAudioDevice initialized.
[2016.11.11-04.43.14:347][624]LogWorld: Game class is 'GameScreen-GameMode_C'
[2016.11.11-04.43.14:349][624]LogWorld: Bringing World /Game/LEVELS/UEDPIE_0_GameScreen.GameScreen up for play (max tick rate 0) at 2016.11.10-20.43.14
[2016.11.11-04.43.14:349][624]LogWorld: Bringing up level for play took: 0.001036
[2016.11.11-04.43.14:357][624]LogContentBrowser: Native class hierarchy updated for 'MovieSceneCapture' in 0.0004 seconds. Added 11 classes and 0 folders.
[2016.11.11-04.43.14:358][624]PIE: Info Play in editor start time for /Game/LEVELS/UEDPIE_0_GameScreen -0.361
[2016.11.11-04.43.26:242][728]LogTexture:Display: Building textures: SimplygonLogo (AutoDXT)
[2016.11.11-04.43.29:607][  9]LogSlate:Warning: Slate: Had to block on waiting for a draw buffer
[2016.11.11-04.43.29:892][  9]LogRenderer: Reallocating scene render targets to support 1208x632 (Frame:3001).
[2016.11.11-04.43.58:597][789]LogMetaData: Removing '/Game/OBJECTS/GameScreen-PlayerController.GameScreen-PlayerController:UserConstructionScript.K2Node_FunctionEntry_0' ref from Metadata '/Game/LEVELS/GameScreen/GameScreen-PlayerController.PackageMetaData'
[2016.11.11-04.43.58:597][789]LogMetaData: Removing '/Game/OBJECTS/GameScreen-PlayerController.GameScreen-PlayerController_C' ref from Metadata '/Game/LEVELS/GameScreen/GameScreen-PlayerController.PackageMetaData'
[2016.11.11-04.43.58:597][789]LogMetaData: Removing '/Game/OBJECTS/GameScreen-PlayerController.GameScreen-PlayerController:EventGraph.K2Node_Event_0' ref from Metadata '/Game/LEVELS/GameScreen/GameScreen-PlayerController.PackageMetaData'
[2016.11.11-04.43.58:597][789]LogMetaData: Removing '/Game/OBJECTS/GameScreen-PlayerController.GameScreen-PlayerController:EventGraph.K2Node_Event_1' ref from Metadata '/Game/LEVELS/GameScreen/GameScreen-PlayerController.PackageMetaData'
[2016.11.11-04.43.58:597][789]LogMetaData: Removing '/Game/OBJECTS/GameScreen-PlayerController.SKEL_GameScreen-PlayerController_C:UserConstructionScript' ref from Metadata '/Game/LEVELS/GameScreen/GameScreen-PlayerController.PackageMetaData'
[2016.11.11-04.43.58:597][789]LogMetaData: Removing '/Game/OBJECTS/GameScreen-PlayerController.SKEL_GameScreen-PlayerController_C' ref from Metadata '/Game/LEVELS/GameScreen/GameScreen-PlayerController.PackageMetaData'
[2016.11.11-04.43.58:642][789]Cmd: OBJ SAVEPACKAGE PACKAGE="/Game/OBJECTS/GameScreen-PlayerController" FILE="G:/StarHavenMobile/Content/OBJECTS/GameScreen-PlayerController.uasset" SILENT=true
[2016.11.11-04.43.58:651][789]LogSavePackage: Save=7.83ms
[2016.11.11-04.43.58:651][789]LogSavePackage: Moving 'G:/StarHavenMobile/Saved/GameScreen-PlayerControllerDB0CAF3E4E2AFD20DAA927B5941ACA86.tmp' to 'G:/StarHavenMobile/Content/OBJECTS/GameScreen-PlayerController.uasset'
[2016.11.11-04.43.58:652][789]LogSavePackage:Display: Finished SavePackage G:/StarHavenMobile/Content/OBJECTS/GameScreen-PlayerController.uasset
[2016.11.11-04.43.58:824][789]Cmd: OBJ SAVEPACKAGE PACKAGE="/Game/LEVELS/GameScreen/GameScreen-GameMode" FILE="G:/StarHavenMobile/Content/LEVELS/GameScreen/GameScreen-GameMode.uasset" SILENT=true
[2016.11.11-04.43.58:835][789]LogSavePackage: Save=7.94ms
[2016.11.11-04.43.58:835][789]LogSavePackage: Moving 'G:/StarHavenMobile/Saved/GameScreen-GameMode165FB7CA49592C7220879B825EB84EE0.tmp' to 'G:/StarHavenMobile/Content/LEVELS/GameScreen/GameScreen-GameMode.uasset'
[2016.11.11-04.43.58:836][789]LogSavePackage:Display: Finished SavePackage G:/StarHavenMobile/Content/LEVELS/GameScreen/GameScreen-GameMode.uasset
[2016.11.11-04.44.11:756][994]LogMetaData: Removing '/Game/OBJECTS/SpaceShip-PlayerController.SpaceShip-PlayerController_C' ref from Metadata '/Game/OBJECTS/GameScreen-PlayerController.PackageMetaData'
[2016.11.11-04.44.11:756][994]LogMetaData: Removing '/Game/OBJECTS/SpaceShip-PlayerController.SKEL_SpaceShip-PlayerController_C' ref from Metadata '/Game/OBJECTS/GameScreen-PlayerController.PackageMetaData'
[2016.11.11-04.44.11:756][994]LogMetaData: Removing '/Game/OBJECTS/SpaceShip-PlayerController.SpaceShip-PlayerController:EventGraph.K2Node_Event_0' ref from Metadata '/Game/OBJECTS/GameScreen-PlayerController.PackageMetaData'
[2016.11.11-04.44.11:756][994]LogMetaData: Removing '/Game/OBJECTS/SpaceShip-PlayerController.SpaceShip-PlayerController:EventGraph.K2Node_Event_1' ref from Metadata '/Game/OBJECTS/GameScreen-PlayerController.PackageMetaData'
[2016.11.11-04.44.11:756][994]LogMetaData: Removing '/Game/OBJECTS/SpaceShip-PlayerController.SpaceShip-PlayerController:UserConstructionScript.K2Node_FunctionEntry_0' ref from Metadata '/Game/OBJECTS/GameScreen-PlayerController.PackageMetaData'
[2016.11.11-04.44.11:798][994]Cmd: OBJ SAVEPACKAGE PACKAGE="/Game/OBJECTS/SpaceShip-PlayerController" FILE="G:/StarHavenMobile/Content/OBJECTS/SpaceShip-PlayerController.uasset" SILENT=true
[2016.11.11-04.44.11:806][994]LogSavePackage: Save=7.55ms
[2016.11.11-04.44.11:807][994]LogSavePackage: Moving 'G:/StarHavenMobile/Saved/SpaceShip-PlayerController8EDB7E254D55052FCC3834901323074B.tmp' to 'G:/StarHavenMobile/Content/OBJECTS/SpaceShip-PlayerController.uasset'
[2016.11.11-04.44.11:807][994]LogSavePackage:Display: Finished SavePackage G:/StarHavenMobile/Content/OBJECTS/SpaceShip-PlayerController.uasset
[2016.11.11-04.44.11:981][994]Cmd: OBJ SAVEPACKAGE PACKAGE="/Game/LEVELS/GameScreen/GameScreen-GameMode" FILE="G:/StarHavenMobile/Content/LEVELS/GameScreen/GameScreen-GameMode.uasset" SILENT=true
[2016.11.11-04.44.11:990][994]LogSavePackage: Save=7.88ms
[2016.11.11-04.44.11:990][994]LogSavePackage: Moving 'G:/StarHavenMobile/Saved/GameScreen-GameMode1B1AE4E8486DEE58CB96EB88A1F4F4FA.tmp' to 'G:/StarHavenMobile/Content/LEVELS/GameScreen/GameScreen-GameMode.uasset'
[2016.11.11-04.44.11:991][994]LogSavePackage:Display: Finished SavePackage G:/StarHavenMobile/Content/LEVELS/GameScreen/GameScreen-GameMode.uasset
[2016.11.11-04.44.13:885][126]LogContentBrowser: Native class hierarchy updated for 'BlueprintGraph' in 0.0008 seconds. Added 111 classes and 0 folders.
[2016.11.11-04.44.59:104][233]LogPlayLevel: PlayLevel: No blueprints needed recompiling
[2016.11.11-04.44.59:105][233]PIE: New page: PIE session: GameScreen (Nov 10, 2016, 12:44:59 PM)
[2016.11.11-04.44.59:105][233]LogPlayLevel: Creating play world package: /Game/LEVELS/UEDPIE_0_GameScreen
[2016.11.11-04.44.59:107][233]LogPlayLevel: PIE: StaticDuplicateObject took: (0.001863s)
[2016.11.11-04.44.59:107][233]LogAIModule: Creating AISystem for world GameScreen
[2016.11.11-04.44.59:107][233]LogPlayLevel: PIE: World Init took: (0.000583s)
[2016.11.11-04.44.59:107][233]LogPlayLevel: PIE: Created PIE world by copying editor world from /Game/LEVELS/GameScreen.GameScreen to /Game/LEVELS/UEDPIE_0_GameScreen.GameScreen (0.002657s)
[2016.11.11-04.44.59:135][233]LogInit: XAudio2 using 'Optoma 1080P-C (NVIDIA High Definition Audio)' : 2 channels at 48 kHz using 16 bits per sample (channel mask 0x3)
[2016.11.11-04.44.59:140][233]LogInit: FAudioDevice initialized.
[2016.11.11-04.44.59:170][233]LogWorld: Game class is 'GameScreen-GameMode_C'
[2016.11.11-04.44.59:172][233]LogWorld: Bringing World /Game/LEVELS/UEDPIE_0_GameScreen.GameScreen up for play (max tick rate 0) at 2016.11.10-20.44.59
[2016.11.11-04.44.59:172][233]LogWorld: Bringing up level for play took: 0.001068
[2016.11.11-04.44.59:174][233]PIE: Info Play in editor start time for /Game/LEVELS/UEDPIE_0_GameScreen 0.467
[2016.11.11-04.46.57:240][358]LogPlayLevel: PlayLevel: No blueprints needed recompiling
[2016.11.11-04.46.57:241][358]PIE: New page: PIE session: GameScreen (Nov 10, 2016, 12:46:57 PM)
[2016.11.11-04.46.57:241][358]LogPlayLevel: Creating play world package: /Game/LEVELS/UEDPIE_0_GameScreen
[2016.11.11-04.46.57:243][358]LogPlayLevel: PIE: StaticDuplicateObject took: (0.001978s)
[2016.11.11-04.46.57:243][358]LogAIModule: Creating AISystem for world GameScreen
[2016.11.11-04.46.57:243][358]LogPlayLevel: PIE: World Init took: (0.000603s)
[2016.11.11-04.46.57:243][358]LogPlayLevel: PIE: Created PIE world by copying editor world from /Game/LEVELS/GameScreen.GameScreen to /Game/LEVELS/UEDPIE_0_GameScreen.GameScreen (0.002778s)
[2016.11.11-04.46.57:260][358]LogInit: XAudio2 using 'Optoma 1080P-C (NVIDIA High Definition Audio)' : 2 channels at 48 kHz using 16 bits per sample (channel mask 0x3)
[2016.11.11-04.46.57:265][358]LogInit: FAudioDevice initialized.
[2016.11.11-04.46.57:293][358]LogWorld: Game class is 'GameScreen-GameMode_C'
[2016.11.11-04.46.57:295][358]LogWorld: Bringing World /Game/LEVELS/UEDPIE_0_GameScreen.GameScreen up for play (max tick rate 0) at 2016.11.10-20.46.57
[2016.11.11-04.46.57:295][358]LogWorld: Bringing up level for play took: 0.001022
[2016.11.11-04.46.57:297][358]PIE: Info Play in editor start time for /Game/LEVELS/UEDPIE_0_GameScreen 0.596
[2016.11.11-04.47.10:856][590]Cmd: QUIT_EDITOR
[2016.11.11-04.47.10:904][590]LogExit: Preparing to exit.
[2016.11.11-04.47.11:126][590]LogExit: Editor shut down
[2016.11.11-04.47.11:126][590]LogExit: Transaction tracking system shut down
[2016.11.11-04.47.11:264][590]LogObj: Freed 0b from 0 cluster array pools.
[2016.11.11-04.47.11:264][590]LogExit: Object subsystem successfully closed.
[2016.11.11-04.47.11:279][590]LogD3D11RHI: Shutdown
[2016.11.11-04.47.11:279][590]LogD3D11RHI: CleanupD3DDevice
[2016.11.11-04.47.11:328][590]LogD3D11RHI: ~FD3D11DynamicRHI
[2016.11.11-04.47.11:342][590]LogModuleManager: Shutting down and abandoning module BlueprintGraph (216)
[2016.11.11-04.47.11:342][590]LogModuleManager: Shutting down and abandoning module StaticMeshEditor (215)
[2016.11.11-04.47.11:342][590]LogModuleManager: Shutting down and abandoning module MovieSceneCapture (214)
[2016.11.11-04.47.11:342][590]LogModuleManager: Shutting down and abandoning module HierarchicalLODOutliner (213)
[2016.11.11-04.47.11:342][590]LogModuleManager: Shutting down and abandoning module CrashTracker (212)
[2016.11.11-04.47.11:342][590]LogModuleManager: Shutting down and abandoning module SceneOutliner (211)
[2016.11.11-04.47.11:343][590]LogModuleManager: Shutting down and abandoning module WidgetCarousel (210)
[2016.11.11-04.47.11:343][590]LogModuleManager: Shutting down and abandoning module AddContentDialog (209)
[2016.11.11-04.47.11:344][590]LogModuleManager: Shutting down and abandoning module GameplayTags (208)
[2016.11.11-04.47.11:344][590]LogModuleManager: Shutting down and abandoning module EditorWidgets (207)
[2016.11.11-04.47.11:344][590]LogModuleManager: Shutting down and abandoning module CollectionManager (206)
[2016.11.11-04.47.11:344][590]LogModuleManager: Shutting down and abandoning module StatsViewer (205)
[2016.11.11-04.47.11:344][590]LogModuleManager: Shutting down and abandoning module FoliageEdit (204)
[2016.11.11-04.47.11:344][590]LogModuleManager: Shutting down and abandoning module LandscapeEditor (203)
[2016.11.11-04.47.11:344][590]LogModuleManager: Shutting down and abandoning module SceneDepthPickerMode (202)
[2016.11.11-04.47.11:344][590]LogModuleManager: Shutting down and abandoning module ActorPickerMode (201)
[2016.11.11-04.47.11:344][590]LogModuleManager: Shutting down and abandoning module GeometryMode (200)
[2016.11.11-04.47.11:344][590]LogModuleManager: Shutting down and abandoning module TextureAlignMode (199)
[2016.11.11-04.47.11:344][590]LogModuleManager: Shutting down and abandoning module BspMode (198)
[2016.11.11-04.47.11:344][590]LogModuleManager: Shutting down and abandoning module HardwareSurvey (197)
[2016.11.11-04.47.11:344][590]LogModuleManager: Shutting down and abandoning module SequenceRecorderSections (196)
[2016.11.11-04.47.11:344][590]LogModuleManager: Shutting down and abandoning module SequenceRecorder (195)
[2016.11.11-04.47.11:344][590]LogModuleManager: Shutting down and abandoning module AutomationWorker (194)
[2016.11.11-04.47.11:344][590]LogModuleManager: Shutting down and abandoning module MatineeToLevelSequence (193)
[2016.11.11-04.47.11:344][590]LogModuleManager: Shutting down and abandoning module PlacementMode (192)
[2016.11.11-04.47.11:344][590]LogModuleManager: Shutting down and abandoning module LevelSequenceEditor (191)
[2016.11.11-04.47.11:344][590]LogModuleManager: Shutting down and abandoning module CharacterAI (190)
[2016.11.11-04.47.11:344][590]LogModuleManager: Shutting down and abandoning module SmartSnapping (189)
[2016.11.11-04.47.11:344][590]LogModuleManager: Shutting down and abandoning module SessionServices (188)
[2016.11.11-04.47.11:344][590]LogModuleManager: Shutting down and abandoning module ViewportSnapping (187)
[2016.11.11-04.47.11:344][590]LogModuleManager: Shutting down and abandoning module LogVisualizer (186)
[2016.11.11-04.47.11:344][590]LogModuleManager: Shutting down and abandoning module GameProjectGeneration (185)
[2016.11.11-04.47.11:344][590]LogModuleManager: Shutting down and abandoning module IntroTutorials (184)
[2016.11.11-04.47.11:345][590]LogModuleManager: Shutting down and abandoning module EditorLiveStreaming (183)
[2016.11.11-04.47.11:345][590]LogModuleManager: Shutting down and abandoning module IOSPlatformEditor (182)
[2016.11.11-04.47.11:345][590]LogModuleManager: Shutting down and abandoning module HTML5PlatformEditor (181)
[2016.11.11-04.47.11:345][590]LogModuleManager: Shutting down and abandoning module AndroidDeviceDetection (180)
[2016.11.11-04.47.11:867][590]LogModuleManager: Shutting down and abandoning module AndroidPlatformEditor (179)
[2016.11.11-04.47.11:867][590]LogModuleManager: Shutting down and abandoning module IOSRuntimeSettings (178)
[2016.11.11-04.47.11:867][590]LogModuleManager: Shutting down and abandoning module AndroidRuntimeSettings (177)
[2016.11.11-04.47.11:867][590]LogModuleManager: Shutting down and abandoning module MergeActors (176)
[2016.11.11-04.47.11:867][590]LogModuleManager: Shutting down and abandoning module SizeMap (175)
[2016.11.11-04.47.11:867][590]LogModuleManager: Shutting down and abandoning module TreeMap (174)
[2016.11.11-04.47.11:867][590]LogModuleManager: Shutting down and abandoning module ReferenceViewer (173)
[2016.11.11-04.47.11:867][590]LogModuleManager: Shutting down and abandoning module LocalizationService (172)
[2016.11.11-04.47.11:867][590]LogModuleManager: Shutting down and abandoning module LocalizationDashboard (171)
[2016.11.11-04.47.11:867][590]LogModuleManager: Shutting down and abandoning module HardwareTargeting (170)
[2016.11.11-04.47.11:867][590]LogModuleManager: Shutting down and abandoning module DeviceProfileEditor (169)
[2016.11.11-04.47.11:867][590]LogModuleManager: Shutting down and abandoning module UndoHistory (168)
[2016.11.11-04.47.11:867][590]LogModuleManager: Shutting down and abandoning module UserFeedback (167)
[2016.11.11-04.47.11:867][590]LogModuleManager: Shutting down and abandoning module XmlParser (166)
[2016.11.11-04.47.11:867][590]LogModuleManager: Shutting down and abandoning module Blutility (165)
[2016.11.11-04.47.11:867][590]LogModuleManager: Shutting down and abandoning module ProjectTargetPlatformEditor (164)
[2016.11.11-04.47.11:867][590]LogModuleManager: Shutting down and abandoning module ProjectSettingsViewer (163)
[2016.11.11-04.47.11:867][590]LogModuleManager: Shutting down and abandoning module InputBindingEditor (162)
[2016.11.11-04.47.11:868][590]LogModuleManager: Shutting down and abandoning module EditorSettingsViewer (161)
[2016.11.11-04.47.11:868][590]LogModuleManager: Shutting down and abandoning module SettingsEditor (160)
[2016.11.11-04.47.11:868][590]LogModuleManager: Shutting down and abandoning module ProjectLauncher (159)
[2016.11.11-04.47.11:868][590]LogModuleManager: Shutting down and abandoning module SessionFrontend (158)
[2016.11.11-04.47.11:868][590]LogModuleManager: Shutting down and abandoning module ProfilerClient (157)
[2016.11.11-04.47.11:868][590]LogModuleManager: Shutting down and abandoning module TargetDeviceServices (156)
[2016.11.11-04.47.11:868][590]LogModuleManager: Shutting down and abandoning module DeviceManager (155)
[2016.11.11-04.47.11:928][590]LogModuleManager: Shutting down and abandoning module AutomationController (154)
[2016.11.11-04.47.11:928][590]LogModuleManager: Shutting down and abandoning module AutomationWindow (153)
[2016.11.11-04.47.11:928][590]LogModuleManager: Shutting down and abandoning module Layers (152)
[2016.11.11-04.47.11:928][590]LogModuleManager: Shutting down and abandoning module ComponentVisualizers (151)
[2016.11.11-04.47.11:928][590]LogModuleManager: Shutting down and abandoning module DetailCustomizations (150)
[2016.11.11-04.47.11:928][590]LogModuleManager: Shutting down and abandoning module PackagesDialog (149)
[2016.11.11-04.47.11:928][590]LogModuleManager: Shutting down and abandoning module Persona (148)
[2016.11.11-04.47.11:928][590]LogModuleManager: Shutting down and abandoning module Kismet (147)
[2016.11.11-04.47.11:928][590]LogModuleManager: Shutting down and abandoning module GraphEditor (146)
[2016.11.11-04.47.11:928][590]LogModuleManager: Shutting down and abandoning module ClassViewer (145)
[2016.11.11-04.47.11:928][590]LogModuleManager: Shutting down and abandoning module Toolbox (144)
[2016.11.11-04.47.11:928][590]LogModuleManager: Shutting down and abandoning module ModuleUI (143)
[2016.11.11-04.47.11:928][590]LogModuleManager: Shutting down and abandoning module MovieSceneTools (142)
[2016.11.11-04.47.11:928][590]LogModuleManager: Shutting down and abandoning module OutputLog (141)
[2016.11.11-04.47.11:928][590]LogModuleManager: Shutting down and abandoning module GammaUI (140)
[2016.11.11-04.47.11:928][590]LogModuleManager: Shutting down and abandoning module Documentation (139)
[2016.11.11-04.47.11:928][590]LogModuleManager: Shutting down and abandoning module StreamingPauseRendering (138)
[2016.11.11-04.47.11:928][590]LogModuleManager: Shutting down and abandoning module AnalyticsET (137)
[2016.11.11-04.47.11:928][590]LogModuleManager: Shutting down and abandoning module Analytics (136)
[2016.11.11-04.47.11:928][590]LogModuleManager: Shutting down and abandoning module PortalServices (135)
[2016.11.11-04.47.11:928][590]LogModuleManager: Shutting down and abandoning module PortalRpc (134)
[2016.11.11-04.47.11:928][590]LogModuleManager: Shutting down and abandoning module MessagingRpc (133)
[2016.11.11-04.47.11:928][590]LogModuleManager: Shutting down and abandoning module GameplayDebugger (132)
[2016.11.11-04.47.11:928][590]LogModuleManager: Shutting down and abandoning module AITestSuite (131)
[2016.11.11-04.47.11:928][590]LogModuleManager: Shutting down and abandoning module AIModule (130)
[2016.11.11-04.47.11:928][590]LogModuleManager: Shutting down and abandoning module ProfilerService (129)
[2016.11.11-04.47.11:935][590]LogModuleManager: Shutting down and abandoning module TaskGraph (128)
[2016.11.11-04.47.11:935][590]LogModuleManager: Shutting down and abandoning module SlateRemote (127)
[2016.11.11-04.47.11:935][590]LogModuleManager: Shutting down and abandoning module SteamVRController (126)
[2016.11.11-04.47.11:935][590]LogModuleManager: Shutting down and abandoning module SteamVR (125)
[2016.11.11-04.47.11:935][590]LogModuleManager: Shutting down and abandoning module ProceduralMeshComponent (124)
[2016.11.11-04.47.11:935][590]LogModuleManager: Shutting down and abandoning module OculusLibrary (123)
[2016.11.11-04.47.11:935][590]LogModuleManager: Shutting down and abandoning module OculusInput (122)
[2016.11.11-04.47.11:935][590]LogModuleManager: Shutting down and abandoning module CustomMeshComponent (121)
[2016.11.11-04.47.11:935][590]LogModuleManager: Shutting down and abandoning module CableComponent (120)
[2016.11.11-04.47.11:935][590]LogModuleManager: Shutting down and abandoning module ArchVisCharacter (119)
[2016.11.11-04.47.11:935][590]LogModuleManager: Shutting down and abandoning module MediaPlayerEditor (118)
[2016.11.11-04.47.11:935][590]LogModuleManager: Shutting down and abandoning module HTML5Networking (117)
[2016.11.11-04.47.11:935][590]LogModuleManager: Shutting down and abandoning module SuperSearch (116)
[2016.11.11-04.47.11:935][590]LogModuleManager: Shutting down and abandoning module SuperSearchEditor (115)
[2016.11.11-04.47.11:935][590]LogModuleManager: Shutting down and abandoning module SpeedTreeImporter (114)
[2016.11.11-04.47.11:935][590]LogModuleManager: Shutting down and abandoning module PluginBrowser (113)
[2016.11.11-04.47.11:935][590]LogModuleManager: Shutting down and abandoning module EpicSurvey (112)
[2016.11.11-04.47.11:935][590]LogModuleManager: Shutting down and abandoning module DesktopPlatform (111)
[2016.11.11-04.47.11:935][590]LogModuleManager: Shutting down and abandoning module VisualStudioSourceCodeAccess (110)
[2016.11.11-04.47.11:935][590]LogModuleManager: Shutting down and abandoning module UObjectPlugin (109)
[2016.11.11-04.47.11:935][590]LogModuleManager: Shutting down and abandoning module SubversionSourceControl (108)
[2016.11.11-04.47.11:935][590]LogModuleManager: Shutting down and abandoning module PerforceSourceControl (107)
[2016.11.11-04.47.11:935][590]LogModuleManager: Shutting down and abandoning module SourceControl (106)
[2016.11.11-04.47.11:935][590]LogModuleManager: Shutting down and abandoning module GitSourceControl (105)
[2016.11.11-04.47.11:935][590]LogModuleManager: Shutting down and abandoning module LightPropagationVolumeEditor (104)
[2016.11.11-04.47.11:935][590]LogModuleManager: Shutting down and abandoning module PaperTiledImporter (103)
[2016.11.11-04.47.11:935][590]LogModuleManager: Shutting down and abandoning module PaperSpriteSheetImporter (102)
[2016.11.11-04.47.11:935][590]LogModuleManager: Shutting down and abandoning module MeshPaint (101)
[2016.11.11-04.47.11:935][590]LogModuleManager: Shutting down and abandoning module PixelInspectorModule (100)
[2016.11.11-04.47.11:936][590]LogModuleManager: Shutting down and abandoning module HotReload (99)
[2016.11.11-04.47.11:936][590]LogModuleManager: Shutting down and abandoning module MainFrame (98)
[2016.11.11-04.47.11:936][590]LogModuleManager: Shutting down and abandoning module LevelEditor (97)
[2016.11.11-04.47.11:937][590]LogModuleManager: Shutting down and abandoning module ContentBrowser (96)
[2016.11.11-04.47.11:937][590]LogModuleManager: Shutting down and abandoning module Paper2DEditor (95)
[2016.11.11-04.47.11:938][590]LogModuleManager: Shutting down and abandoning module UdpMessaging (94)
[2016.11.11-04.47.12:038][590]LogModuleManager: Shutting down and abandoning module LightPropagationVolumeRuntime (93)
[2016.11.11-04.47.12:038][590]LogModuleManager: Shutting down and abandoning module Paper2D (92)
[2016.11.11-04.47.12:038][590]LogModuleManager: Shutting down and abandoning module WindowsMoviePlayer (91)
[2016.11.11-04.47.12:038][590]LogModuleManager: Shutting down and abandoning module Media (90)
[2016.11.11-04.47.12:038][590]LogModuleManager: Shutting down and abandoning module WmfMedia (89)
[2016.11.11-04.47.12:038][590]LogModuleManager: Shutting down and abandoning module MediaAssets (88)
[2016.11.11-04.47.12:038][590]LogModuleManager: Shutting down and abandoning module GameLiveStreaming (87)
[2016.11.11-04.47.12:038][590]LogModuleManager: Shutting down and abandoning module GameplayTagsEditor (86)
[2016.11.11-04.47.12:038][590]LogModuleManager: Shutting down and abandoning module OnlineBlueprintSupport (85)
[2016.11.11-04.47.12:038][590]LogModuleManager: Shutting down and abandoning module VREditor (84)
[2016.11.11-04.47.12:038][590]LogModuleManager: Shutting down and abandoning module GameplayTasksEditor (83)
[2016.11.11-04.47.12:038][590]LogModuleManager: Shutting down and abandoning module PropertyEditor (82)
[2016.11.11-04.47.12:038][590]LogModuleManager: Shutting down and abandoning module BehaviorTreeEditor (81)
[2016.11.11-04.47.12:038][590]LogModuleManager: Shutting down and abandoning module FunctionalTesting (80)
[2016.11.11-04.47.12:038][590]LogModuleManager: Shutting down and abandoning module CollisionAnalyzer (79)
[2016.11.11-04.47.12:038][590]LogModuleManager: Shutting down and abandoning module Sequencer (78)
[2016.11.11-04.47.12:038][590]LogModuleManager: Shutting down and abandoning module WorkspaceMenuStructure (77)
[2016.11.11-04.47.12:038][590]LogModuleManager: Shutting down and abandoning module MessageLog (76)
[2016.11.11-04.47.12:038][590]LogModuleManager: Shutting down and abandoning module AssetTools (75)
[2016.11.11-04.47.12:038][590]LogModuleManager: Shutting down and abandoning module UMGEditor (74)
[2016.11.11-04.47.12:038][590]LogModuleManager: Shutting down and abandoning module UMG (73)
[2016.11.11-04.47.12:039][590]LogModuleManager: Shutting down and abandoning module SlateReflector (72)
[2016.11.11-04.47.12:039][590]LogModuleManager: Shutting down and abandoning module Slate (71)
[2016.11.11-04.47.12:039][590]LogModuleManager: Shutting down and abandoning module EditorStyle (70)
[2016.11.11-04.47.12:041][590]LogModuleManager: Shutting down and abandoning module SourceCodeAccess (69)
[2016.11.11-04.47.12:041][590]LogModuleManager: Shutting down and abandoning module HeadMountedDisplay (68)
[2016.11.11-04.47.12:041][590]LogModuleManager: Shutting down and abandoning module XAudio2 (67)
[2016.11.11-04.47.12:041][590]LogModuleManager: Shutting down and abandoning module Networking (65)
[2016.11.11-04.47.12:041][590]LogModuleManager: Shutting down and abandoning module Core (64)
[2016.11.11-04.47.12:041][590]LogModuleManager: Shutting down and abandoning module DirectoryWatcher (63)
[2016.11.11-04.47.12:041][590]LogModuleManager: Shutting down and abandoning module AssetRegistry (62)
[2016.11.11-04.47.12:102][590]LogModuleManager: Shutting down and abandoning module KismetCompiler (61)
[2016.11.11-04.47.12:102][590]LogModuleManager: Shutting down and abandoning module PhysXFormats (60)
[2016.11.11-04.47.12:102][590]LogModuleManager: Shutting down and abandoning module MeshUtilities (59)
[2016.11.11-04.47.12:102][590]LogModuleManager: Shutting down and abandoning module DerivedDataCache (58)
[2016.11.11-04.47.12:111][590]LogDerivedDataCache: Shutdown
[2016.11.11-04.47.12:111][590]LogModuleManager: Shutting down and abandoning module VulkanShaderFormat (57)
[2016.11.11-04.47.12:111][590]LogModuleManager: Shutting down and abandoning module ShaderFormatOpenGL (56)
[2016.11.11-04.47.12:111][590]LogModuleManager: Shutting down and abandoning module ShaderFormatD3D (55)
[2016.11.11-04.47.12:111][590]LogModuleManager: Shutting down and abandoning module MetalShaderFormat (54)
[2016.11.11-04.47.12:111][590]LogModuleManager: Shutting down and abandoning module TextureFormatUncompressed (53)
[2016.11.11-04.47.12:111][590]LogModuleManager: Shutting down and abandoning module TextureFormatPVR (52)
[2016.11.11-04.47.12:111][590]LogModuleManager: Shutting down and abandoning module TextureFormatIntelISPCTexComp (51)
[2016.11.11-04.47.12:111][590]LogModuleManager: Shutting down and abandoning module TextureFormatDXT (50)
[2016.11.11-04.47.12:111][590]LogModuleManager: Shutting down and abandoning module ImageWrapper (49)
[2016.11.11-04.47.12:111][590]LogModuleManager: Shutting down and abandoning module TextureFormatASTC (48)
[2016.11.11-04.47.12:111][590]LogModuleManager: Shutting down and abandoning module TextureFormatAndroid (47)
[2016.11.11-04.47.12:111][590]LogModuleManager: Shutting down and abandoning module AudioFormatOpus (46)
[2016.11.11-04.47.12:111][590]LogModuleManager: Shutting down and abandoning module AudioFormatOgg (45)
[2016.11.11-04.47.12:111][590]LogModuleManager: Shutting down and abandoning module AudioFormatADPCM (44)
[2016.11.11-04.47.12:111][590]LogModuleManager: Shutting down and abandoning module LinuxTargetPlatform (43)
[2016.11.11-04.47.12:111][590]LogModuleManager: Shutting down and abandoning module LinuxServerTargetPlatform (42)
[2016.11.11-04.47.12:111][590]LogModuleManager: Shutting down and abandoning module LinuxNoEditorTargetPlatform (41)
[2016.11.11-04.47.12:111][590]LogModuleManager: Shutting down and abandoning module TVOSTargetPlatform (40)
[2016.11.11-04.47.12:111][590]LogModuleManager: Shutting down and abandoning module Messaging (39)
[2016.11.11-04.47.12:111][590]LogModuleManager: Shutting down and abandoning module IOSTargetPlatform (38)
[2016.11.11-04.47.12:111][590]LogModuleManager: Shutting down and abandoning module HTML5TargetPlatform (37)
[2016.11.11-04.47.12:111][590]LogModuleManager: Shutting down and abandoning module Android_PVRTCTargetPlatform (36)
[2016.11.11-04.47.12:111][590]LogModuleManager: Shutting down and abandoning module Android_MultiTargetPlatform (35)
[2016.11.11-04.47.12:111][590]LogModuleManager: Shutting down and abandoning module Android_ETC2TargetPlatform (34)
[2016.11.11-04.47.12:111][590]LogModuleManager: Shutting down and abandoning module Android_ETC1TargetPlatform (33)
[2016.11.11-04.47.12:111][590]LogModuleManager: Shutting down and abandoning module Android_DXTTargetPlatform (32)
[2016.11.11-04.47.12:111][590]LogModuleManager: Shutting down and abandoning module Android_ATCTargetPlatform (31)
[2016.11.11-04.47.12:111][590]LogModuleManager: Shutting down and abandoning module Android_ASTCTargetPlatform (30)
[2016.11.11-04.47.12:111][590]LogModuleManager: Shutting down and abandoning module AndroidTargetPlatform (29)
[2016.11.11-04.47.12:111][590]LogModuleManager: Shutting down and abandoning module WindowsTargetPlatform (28)
[2016.11.11-04.47.12:111][590]LogModuleManager: Shutting down and abandoning module WindowsServerTargetPlatform (27)
[2016.11.11-04.47.12:111][590]LogModuleManager: Shutting down and abandoning module WindowsNoEditorTargetPlatform (26)
[2016.11.11-04.47.12:111][590]LogModuleManager: Shutting down and abandoning module WindowsClientTargetPlatform (25)
[2016.11.11-04.47.12:111][590]LogModuleManager: Shutting down and abandoning module AllDesktopTargetPlatform (24)
[2016.11.11-04.47.12:111][590]LogModuleManager: Shutting down and abandoning module TargetPlatform (23)
[2016.11.11-04.47.12:112][590]LogModuleManager: Shutting down and abandoning module InputCore (22)
[2016.11.11-04.47.12:112][590]LogModuleManager: Shutting down and abandoning module Settings (21)
[2016.11.11-04.47.12:112][590]LogModuleManager: Shutting down and abandoning module OnlineSubsystem (19)
[2016.11.11-04.47.12:112][590]LogModuleManager: Shutting down and abandoning module HTTP (18)
[2016.11.11-04.47.16:618][590]LogModuleManager: Shutting down and abandoning module XMPP (17)
[2016.11.11-04.47.16:618][590]LogModuleManager: Shutting down and abandoning module OculusRift (16)
[2016.11.11-04.47.16:618][590]LogModuleManager: Shutting down and abandoning module ExampleDeviceProfileSelector (15)
[2016.11.11-04.47.16:618][590]LogModuleManager: Shutting down and abandoning module TextureCompressor (14)
[2016.11.11-04.47.16:618][590]LogModuleManager: Shutting down and abandoning module ShaderCore (13)
[2016.11.11-04.47.16:618][590]LogModuleManager: Shutting down and abandoning module Landscape (12)
[2016.11.11-04.47.16:618][590]LogModuleManager: Shutting down and abandoning module SlateRHIRenderer (11)
[2016.11.11-04.47.16:619][590]LogModuleManager: Shutting down and abandoning module OpenGLDrv (10)
[2016.11.11-04.47.16:619][590]LogModuleManager: Shutting down and abandoning module D3D11RHI (9)
[2016.11.11-04.47.16:619][590]LogModuleManager: Shutting down and abandoning module AnimGraphRuntime (8)
[2016.11.11-04.47.16:619][590]LogModuleManager: Shutting down and abandoning module Renderer (7)
[2016.11.11-04.47.16:619][590]LogModuleManager: Shutting down and abandoning module Engine (6)
[2016.11.11-04.47.16:619][590]LogModuleManager: Shutting down and abandoning module CoreUObject (5)
[2016.11.11-04.47.16:620][590]LogModuleManager: Shutting down and abandoning module NetworkFile (4)
[2016.11.11-04.47.16:620][590]LogModuleManager: Shutting down and abandoning module StreamingFile (3)
[2016.11.11-04.47.16:620][590]LogModuleManager: Shutting down and abandoning module SandboxFile (2)
[2016.11.11-04.47.16:620][590]LogModuleManager: Shutting down and abandoning module PakFile (1)
[2016.11.11-04.47.16:622][590]LogExit: Exiting.
[2016.11.11-04.47.16:630][590]Log file closed, 11/10/16 20:47:16
